symbolic-ref HEAD
Date: Sun Oct 17 05:08:54 CEST 2010
rev-parse --is-inside-git-dir
Date: Sun Oct 17 05:08:54 CEST 2010
rev-parse --is-inside-work-tree
Date: Sun Oct 17 05:08:54 CEST 2010
symbolic-ref HEAD
Date: Sun Oct 17 05:08:55 CEST 2010
rev-parse --is-inside-git-dir
Date: Sun Oct 17 05:08:55 CEST 2010
rev-parse --is-inside-work-tree
Date: Sun Oct 17 05:08:56 CEST 2010
symbolic-ref HEAD
Date: Sun Oct 17 05:09:00 CEST 2010
rev-parse --is-inside-git-dir
Date: Sun Oct 17 05:09:00 CEST 2010
rev-parse --is-inside-work-tree
Date: Sun Oct 17 05:09:00 CEST 2010
st
Date: Sun Oct 17 05:09:07 CEST 2010
co .git-achievements-action.log
Date: Sun Oct 17 05:25:14 CEST 2010
symbolic-ref HEAD
Date: Sun Oct 17 05:25:14 CEST 2010
rev-parse --is-inside-git-dir
Date: Sun Oct 17 05:25:14 CEST 2010
rev-parse --is-inside-work-tree
Date: Sun Oct 17 05:25:14 CEST 2010
st
Date: Sun Oct 17 05:25:15 CEST 2010
symbolic-ref HEAD
Date: Sun Oct 17 05:25:15 CEST 2010
rev-parse --is-inside-git-dir
Date: Sun Oct 17 05:25:15 CEST 2010
rev-parse --is-inside-work-tree
Date: Sun Oct 17 05:25:15 CEST 2010
--git-dir=.git config --get alias.df
Date: Sun Oct 17 05:25:19 CEST 2010
--git-dir=.git for-each-ref --format=%(refname:short) refs/tags refs/heads refs/remotes
Date: Sun Oct 17 05:25:19 CEST 2010
df git-achievements
Date: Sun Oct 17 05:25:19 CEST 2010
symbolic-ref HEAD
Date: Sun Oct 17 05:25:19 CEST 2010
rev-parse --is-inside-git-dir
Date: Sun Oct 17 05:25:19 CEST 2010
rev-parse --is-inside-work-tree
Date: Sun Oct 17 05:25:19 CEST 2010
--git-dir=.git config --get alias.ci
Date: Sun Oct 17 05:25:29 CEST 2010
ci git-achievements
Date: Sun Oct 17 05:26:27 CEST 2010
symbolic-ref HEAD
Date: Sun Oct 17 05:26:31 CEST 2010
rev-parse --is-inside-git-dir
Date: Sun Oct 17 05:26:31 CEST 2010
rev-parse --is-inside-work-tree
Date: Sun Oct 17 05:26:31 CEST 2010
symbolic-ref HEAD
Date: Sun Oct 17 05:26:45 CEST 2010
rev-parse --is-inside-git-dir
Date: Sun Oct 17 05:26:45 CEST 2010
rev-parse --is-inside-work-tree
Date: Sun Oct 17 05:26:45 CEST 2010
symbolic-ref HEAD
Date: Sun Oct 17 05:26:56 CEST 2010
rev-parse --is-inside-git-dir
Date: Sun Oct 17 05:26:56 CEST 2010
rev-parse --is-inside-work-tree
Date: Sun Oct 17 05:26:56 CEST 2010
symbolic-ref HEAD
Date: Sun Oct 17 05:26:59 CEST 2010
rev-parse --is-inside-git-dir
Date: Sun Oct 17 05:26:59 CEST 2010
rev-parse --is-inside-work-tree
Date: Sun Oct 17 05:26:59 CEST 2010
symbolic-ref HEAD
Date: Sun Oct 17 05:27:06 CEST 2010
rev-parse --is-inside-git-dir
Date: Sun Oct 17 05:27:06 CEST 2010
rev-parse --is-inside-work-tree
Date: Sun Oct 17 05:27:06 CEST 2010
symbolic-ref HEAD
Date: Sun Oct 17 05:27:57 CEST 2010
rev-parse --is-inside-git-dir
Date: Sun Oct 17 05:27:57 CEST 2010
rev-parse --is-inside-work-tree
Date: Sun Oct 17 05:27:57 CEST 2010
symbolic-ref HEAD
Date: Sun Oct 17 05:27:58 CEST 2010
rev-parse --is-inside-git-dir
Date: Sun Oct 17 05:27:58 CEST 2010
rev-parse --is-inside-work-tree
Date: Sun Oct 17 05:27:58 CEST 2010
symbolic-ref HEAD
Date: Sun Oct 17 05:28:13 CEST 2010
rev-parse --is-inside-git-dir
Date: Sun Oct 17 05:28:13 CEST 2010
rev-parse --is-inside-work-tree
Date: Sun Oct 17 05:28:13 CEST 2010
symbolic-ref HEAD
Date: Sun Oct 17 05:28:21 CEST 2010
rev-parse --is-inside-git-dir
Date: Sun Oct 17 05:28:21 CEST 2010
rev-parse --is-inside-work-tree
Date: Sun Oct 17 05:28:21 CEST 2010
symbolic-ref HEAD
Date: Sun Oct 17 05:28:22 CEST 2010
rev-parse --is-inside-git-dir
Date: Sun Oct 17 05:28:22 CEST 2010
rev-parse --is-inside-work-tree
Date: Sun Oct 17 05:28:22 CEST 2010
symbolic-ref HEAD
Date: Sun Oct 17 05:28:27 CEST 2010
rev-parse --is-inside-git-dir
Date: Sun Oct 17 05:28:27 CEST 2010
rev-parse --is-inside-work-tree
Date: Sun Oct 17 05:28:27 CEST 2010
init
Date: Sun Oct 17 05:28:28 CEST 2010
symbolic-ref HEAD
Date: Sun Oct 17 05:28:28 CEST 2010
rev-parse --is-inside-git-dir
Date: Sun Oct 17 05:28:28 CEST 2010
rev-parse --is-inside-work-tree
Date: Sun Oct 17 05:28:28 CEST 2010
symbolic-ref HEAD
Date: Sun Oct 17 05:28:37 CEST 2010
rev-parse --is-inside-git-dir
Date: Sun Oct 17 05:28:37 CEST 2010
rev-parse --is-inside-work-tree
Date: Sun Oct 17 05:28:37 CEST 2010
symbolic-ref HEAD
Date: Sun Oct 17 05:28:39 CEST 2010
rev-parse --is-inside-git-dir
Date: Sun Oct 17 05:28:39 CEST 2010
rev-parse --is-inside-work-tree
Date: Sun Oct 17 05:28:39 CEST 2010
add iets
Date: Sun Oct 17 05:28:41 CEST 2010
symbolic-ref HEAD
Date: Sun Oct 17 05:28:41 CEST 2010
rev-parse --is-inside-git-dir
Date: Sun Oct 17 05:28:41 CEST 2010
rev-parse --is-inside-work-tree
Date: Sun Oct 17 05:28:41 CEST 2010
symbolic-ref HEAD
Date: Sun Oct 17 05:28:42 CEST 2010
rev-parse --is-inside-git-dir
Date: Sun Oct 17 05:28:42 CEST 2010
rev-parse --is-inside-work-tree
Date: Sun Oct 17 05:28:42 CEST 2010
symbolic-ref HEAD
Date: Sun Oct 17 05:28:44 CEST 2010
rev-parse --is-inside-git-dir
Date: Sun Oct 17 05:28:44 CEST 2010
rev-parse --is-inside-work-tree
Date: Sun Oct 17 05:28:44 CEST 2010
init
Date: Sun Oct 17 05:28:49 CEST 2010
symbolic-ref HEAD
Date: Sun Oct 17 05:28:52 CEST 2010
rev-parse --is-inside-git-dir
Date: Sun Oct 17 05:28:52 CEST 2010
rev-parse --is-inside-work-tree
Date: Sun Oct 17 05:28:52 CEST 2010
symbolic-ref HEAD
Date: Sun Oct 17 05:28:54 CEST 2010
rev-parse --is-inside-git-dir
Date: Sun Oct 17 05:28:54 CEST 2010
rev-parse --is-inside-work-tree
Date: Sun Oct 17 05:28:54 CEST 2010
add ietserbij
Date: Sun Oct 17 05:28:56 CEST 2010
symbolic-ref HEAD
Date: Sun Oct 17 05:29:00 CEST 2010
rev-parse --is-inside-git-dir
Date: Sun Oct 17 05:29:00 CEST 2010
rev-parse --is-inside-work-tree
Date: Sun Oct 17 05:29:00 CEST 2010
ci
Date: Sun Oct 17 05:29:04 CEST 2010
symbolic-ref HEAD
Date: Sun Oct 17 05:29:07 CEST 2010
rev-parse --is-inside-git-dir
Date: Sun Oct 17 05:29:07 CEST 2010
rev-parse --is-inside-work-tree
Date: Sun Oct 17 05:29:07 CEST 2010
symbolic-ref HEAD
Date: Sun Oct 17 05:29:17 CEST 2010
rev-parse --is-inside-git-dir
Date: Sun Oct 17 05:29:17 CEST 2010
rev-parse --is-inside-work-tree
Date: Sun Oct 17 05:29:17 CEST 2010
--git-dir=.git config --get alias.bl
Date: Sun Oct 17 05:29:18 CEST 2010
bl ietserbij
Date: Sun Oct 17 05:29:18 CEST 2010
symbolic-ref HEAD
Date: Sun Oct 17 05:29:21 CEST 2010
rev-parse --is-inside-git-dir
Date: Sun Oct 17 05:29:21 CEST 2010
rev-parse --is-inside-work-tree
Date: Sun Oct 17 05:29:21 CEST 2010
--git-dir=.git config --get alias.df
Date: Sun Oct 17 05:29:23 CEST 2010
--git-dir=.git for-each-ref --format=%(refname:short) refs/tags refs/heads refs/remotes
Date: Sun Oct 17 05:29:23 CEST 2010
df ietserbij
Date: Sun Oct 17 05:29:24 CEST 2010
symbolic-ref HEAD
Date: Sun Oct 17 05:29:24 CEST 2010
rev-parse --is-inside-git-dir
Date: Sun Oct 17 05:29:24 CEST 2010
rev-parse --is-inside-work-tree
Date: Sun Oct 17 05:29:24 CEST 2010
diff
Date: Sun Oct 17 05:29:25 CEST 2010
symbolic-ref HEAD
Date: Sun Oct 17 05:29:25 CEST 2010
rev-parse --is-inside-git-dir
Date: Sun Oct 17 05:29:25 CEST 2010
rev-parse --is-inside-work-tree
Date: Sun Oct 17 05:29:26 CEST 2010
symbolic-ref HEAD
Date: Sun Oct 17 05:29:30 CEST 2010
rev-parse --is-inside-git-dir
Date: Sun Oct 17 05:29:30 CEST 2010
rev-parse --is-inside-work-tree
Date: Sun Oct 17 05:29:30 CEST 2010
--git-dir=.git config --get alias.df
Date: Sun Oct 17 05:29:31 CEST 2010
--git-dir=.git for-each-ref --format=%(refname:short) refs/tags refs/heads refs/remotes
Date: Sun Oct 17 05:29:31 CEST 2010
df ietserbij
Date: Sun Oct 17 05:29:31 CEST 2010
symbolic-ref HEAD
Date: Sun Oct 17 05:29:31 CEST 2010
rev-parse --is-inside-git-dir
Date: Sun Oct 17 05:29:31 CEST 2010
rev-parse --is-inside-work-tree
Date: Sun Oct 17 05:29:31 CEST 2010
add .
Date: Sun Oct 17 05:29:34 CEST 2010
symbolic-ref HEAD
Date: Sun Oct 17 05:29:34 CEST 2010
rev-parse --is-inside-git-dir
Date: Sun Oct 17 05:29:34 CEST 2010
rev-parse --is-inside-work-tree
Date: Sun Oct 17 05:29:34 CEST 2010
--git-dir=.git config --get alias.df
Date: Sun Oct 17 05:29:36 CEST 2010
df --cached
Date: Sun Oct 17 05:29:36 CEST 2010
symbolic-ref HEAD
Date: Sun Oct 17 05:29:39 CEST 2010
rev-parse --is-inside-git-dir
Date: Sun Oct 17 05:29:39 CEST 2010
rev-parse --is-inside-work-tree
Date: Sun Oct 17 05:29:39 CEST 2010
lg
Date: Sun Oct 17 05:29:41 CEST 2010
symbolic-ref HEAD
Date: Sun Oct 17 05:29:41 CEST 2010
rev-parse --is-inside-git-dir
Date: Sun Oct 17 05:29:41 CEST 2010
rev-parse --is-inside-work-tree
Date: Sun Oct 17 05:29:41 CEST 2010
help -a
Date: Sun Oct 17 05:29:48 CEST 2010
--git-dir=.git config --get-regexp alias\..*
Date: Sun Oct 17 05:29:48 CEST 2010
--git-dir=.git config --get-regexp alias\..*
Date: Sun Oct 17 05:29:49 CEST 2010
--git-dir=.git config --get-regexp alias\..*
Date: Sun Oct 17 05:29:49 CEST 2010
--git-dir=.git config --get-regexp alias\..*
Date: Sun Oct 17 05:29:49 CEST 2010
--git-dir=.git config --get-regexp alias\..*
Date: Sun Oct 17 05:29:49 CEST 2010
symbolic-ref HEAD
Date: Sun Oct 17 05:29:51 CEST 2010
rev-parse --is-inside-git-dir
Date: Sun Oct 17 05:29:51 CEST 2010
rev-parse --is-inside-work-tree
Date: Sun Oct 17 05:29:51 CEST 2010
symbolic-ref HEAD
Date: Sun Oct 17 05:30:01 CEST 2010
rev-parse --is-inside-git-dir
Date: Sun Oct 17 05:30:01 CEST 2010
rev-parse --is-inside-work-tree
Date: Sun Oct 17 05:30:01 CEST 2010
symbolic-ref HEAD
Date: Sun Oct 17 05:30:03 CEST 2010
rev-parse --is-inside-git-dir
Date: Sun Oct 17 05:30:03 CEST 2010
rev-parse --is-inside-work-tree
Date: Sun Oct 17 05:30:03 CEST 2010
symbolic-ref HEAD
Date: Sun Oct 17 05:30:11 CEST 2010
rev-parse --is-inside-git-dir
Date: Sun Oct 17 05:30:11 CEST 2010
rev-parse --is-inside-work-tree
Date: Sun Oct 17 05:30:11 CEST 2010
lg
Date: Sun Oct 17 05:30:12 CEST 2010
symbolic-ref HEAD
Date: Sun Oct 17 05:30:12 CEST 2010
rev-parse --is-inside-git-dir
Date: Sun Oct 17 05:30:12 CEST 2010
rev-parse --is-inside-work-tree
Date: Sun Oct 17 05:30:12 CEST 2010
symbolic-ref HEAD
Date: Sun Oct 17 05:30:22 CEST 2010
rev-parse --is-inside-git-dir
Date: Sun Oct 17 05:30:22 CEST 2010
rev-parse --is-inside-work-tree
Date: Sun Oct 17 05:30:22 CEST 2010
symbolic-ref HEAD
Date: Sun Oct 17 05:30:24 CEST 2010
rev-parse --is-inside-git-dir
Date: Sun Oct 17 05:30:24 CEST 2010
rev-parse --is-inside-work-tree
Date: Sun Oct 17 05:30:24 CEST 2010
symbolic-ref HEAD
Date: Sun Oct 17 05:30:28 CEST 2010
rev-parse --is-inside-git-dir
Date: Sun Oct 17 05:30:28 CEST 2010
rev-parse --is-inside-work-tree
Date: Sun Oct 17 05:30:28 CEST 2010
st
Date: Sun Oct 17 05:30:30 CEST 2010
symbolic-ref HEAD
Date: Sun Oct 17 05:30:30 CEST 2010
rev-parse --is-inside-git-dir
Date: Sun Oct 17 05:30:30 CEST 2010
rev-parse --is-inside-work-tree
Date: Sun Oct 17 05:30:30 CEST 2010
--git-dir=.git config --get alias.co
Date: Sun Oct 17 05:30:34 CEST 2010
--git-dir=.git for-each-ref --format=%(refname:short) refs/tags refs/heads refs/remotes
Date: Sun Oct 17 05:30:34 CEST 2010
co ietserbij
Date: Sun Oct 17 05:30:34 CEST 2010
symbolic-ref HEAD
Date: Sun Oct 17 05:30:34 CEST 2010
rev-parse --is-inside-git-dir
Date: Sun Oct 17 05:30:34 CEST 2010
rev-parse --is-inside-work-tree
Date: Sun Oct 17 05:30:34 CEST 2010
st
Date: Sun Oct 17 05:30:36 CEST 2010
symbolic-ref HEAD
Date: Sun Oct 17 05:30:36 CEST 2010
rev-parse --is-inside-git-dir
Date: Sun Oct 17 05:30:36 CEST 2010
rev-parse --is-inside-work-tree
Date: Sun Oct 17 05:30:36 CEST 2010
--git-dir=.git for-each-ref --format=%(refname:short) refs/tags refs/heads refs/remotes
Date: Sun Oct 17 05:30:38 CEST 2010
symbolic-ref HEAD
Date: Sun Oct 17 05:30:38 CEST 2010
rev-parse --is-inside-git-dir
Date: Sun Oct 17 05:30:38 CEST 2010
rev-parse --is-inside-work-tree
Date: Sun Oct 17 05:30:39 CEST 2010
st
Date: Sun Oct 17 05:30:40 CEST 2010
symbolic-ref HEAD
Date: Sun Oct 17 05:30:40 CEST 2010
rev-parse --is-inside-git-dir
Date: Sun Oct 17 05:30:40 CEST 2010
rev-parse --is-inside-work-tree
Date: Sun Oct 17 05:30:40 CEST 2010
--git-dir=.git config --get alias.co
Date: Sun Oct 17 05:30:41 CEST 2010
--git-dir=.git for-each-ref --format=%(refname:short) refs/tags refs/heads refs/remotes
Date: Sun Oct 17 05:30:41 CEST 2010
co ietserbij
Date: Sun Oct 17 05:30:42 CEST 2010
symbolic-ref HEAD
Date: Sun Oct 17 05:30:42 CEST 2010
rev-parse --is-inside-git-dir
Date: Sun Oct 17 05:30:42 CEST 2010
rev-parse --is-inside-work-tree
Date: Sun Oct 17 05:30:42 CEST 2010
st
Date: Sun Oct 17 05:30:43 CEST 2010
symbolic-ref HEAD
Date: Sun Oct 17 05:30:43 CEST 2010
rev-parse --is-inside-git-dir
Date: Sun Oct 17 05:30:43 CEST 2010
rev-parse --is-inside-work-tree
Date: Sun Oct 17 05:30:43 CEST 2010
merge HEAD
Date: Sun Oct 17 05:30:45 CEST 2010
symbolic-ref HEAD
Date: Sun Oct 17 05:30:46 CEST 2010
rev-parse --is-inside-git-dir
Date: Sun Oct 17 05:30:46 CEST 2010
rev-parse --is-inside-work-tree
Date: Sun Oct 17 05:30:46 CEST 2010
symbolic-ref HEAD
Date: Sun Oct 17 05:30:50 CEST 2010
rev-parse --is-inside-git-dir
Date: Sun Oct 17 05:30:50 CEST 2010
rev-parse --is-inside-work-tree
Date: Sun Oct 17 05:30:50 CEST 2010
symbolic-ref HEAD
Date: Sun Oct 17 05:30:51 CEST 2010
rev-parse --is-inside-git-dir
Date: Sun Oct 17 05:30:51 CEST 2010
rev-parse --is-inside-work-tree
Date: Sun Oct 17 05:30:51 CEST 2010
symbolic-ref HEAD
Date: Sun Oct 17 05:30:53 CEST 2010
rev-parse --is-inside-git-dir
Date: Sun Oct 17 05:30:53 CEST 2010
rev-parse --is-inside-work-tree
Date: Sun Oct 17 05:30:53 CEST 2010
symbolic-ref HEAD
Date: Sun Oct 17 05:30:58 CEST 2010
rev-parse --is-inside-git-dir
Date: Sun Oct 17 05:30:58 CEST 2010
rev-parse --is-inside-work-tree
Date: Sun Oct 17 05:30:58 CEST 2010
symbolic-ref HEAD
Date: Sun Oct 17 05:30:59 CEST 2010
rev-parse --is-inside-git-dir
Date: Sun Oct 17 05:30:59 CEST 2010
rev-parse --is-inside-work-tree
Date: Sun Oct 17 05:31:00 CEST 2010
st
Date: Sun Oct 17 05:31:03 CEST 2010
symbolic-ref HEAD
Date: Sun Oct 17 05:31:03 CEST 2010
rev-parse --is-inside-git-dir
Date: Sun Oct 17 05:31:03 CEST 2010
rev-parse --is-inside-work-tree
Date: Sun Oct 17 05:31:03 CEST 2010
df
Date: Sun Oct 17 05:31:04 CEST 2010
symbolic-ref HEAD
Date: Sun Oct 17 05:31:04 CEST 2010
rev-parse --is-inside-git-dir
Date: Sun Oct 17 05:31:04 CEST 2010
rev-parse --is-inside-work-tree
Date: Sun Oct 17 05:31:05 CEST 2010
--git-dir=.git config --get alias.ci
Date: Sun Oct 17 05:31:15 CEST 2010
--git-dir=.git config --get alias.ci
Date: Sun Oct 17 05:31:17 CEST 2010
ci .gitconfig
Date: Sun Oct 17 05:31:27 CEST 2010
symbolic-ref HEAD
Date: Sun Oct 17 05:31:27 CEST 2010
rev-parse --is-inside-git-dir
Date: Sun Oct 17 05:31:27 CEST 2010
rev-parse --is-inside-work-tree
Date: Sun Oct 17 05:31:27 CEST 2010
push
Date: Sun Oct 17 05:31:29 CEST 2010
symbolic-ref HEAD
Date: Sun Oct 17 05:31:29 CEST 2010
rev-parse --is-inside-git-dir
Date: Sun Oct 17 05:31:29 CEST 2010
rev-parse --is-inside-work-tree
Date: Sun Oct 17 05:31:29 CEST 2010
st
Date: Sun Oct 17 05:31:31 CEST 2010
symbolic-ref HEAD
Date: Sun Oct 17 05:31:31 CEST 2010
rev-parse --is-inside-git-dir
Date: Sun Oct 17 05:31:31 CEST 2010
rev-parse --is-inside-work-tree
Date: Sun Oct 17 05:31:31 CEST 2010
symbolic-ref HEAD
Date: Sun Oct 17 05:31:46 CEST 2010
rev-parse --is-inside-git-dir
Date: Sun Oct 17 05:31:46 CEST 2010
rev-parse --is-inside-work-tree
Date: Sun Oct 17 05:31:46 CEST 2010
symbolic-ref HEAD
Date: Sun Oct 17 05:31:51 CEST 2010
rev-parse --is-inside-git-dir
Date: Sun Oct 17 05:31:51 CEST 2010
rev-parse --is-inside-work-tree
Date: Sun Oct 17 05:31:51 CEST 2010
symbolic-ref HEAD
Date: Sun Oct 17 05:31:55 CEST 2010
rev-parse --is-inside-git-dir
Date: Sun Oct 17 05:31:55 CEST 2010
rev-parse --is-inside-work-tree
Date: Sun Oct 17 05:31:55 CEST 2010
svn clone https://svn.fibbe.nl/repos/timesync-web/branches/gwt
Date: Sun Oct 17 05:32:38 CEST 2010
symbolic-ref HEAD
Date: Sun Oct 17 05:32:41 CEST 2010
rev-parse --is-inside-git-dir
Date: Sun Oct 17 05:32:41 CEST 2010
rev-parse --is-inside-work-tree
Date: Sun Oct 17 05:32:41 CEST 2010
svn rebase
Date: Sun Oct 17 05:32:43 CEST 2010
symbolic-ref HEAD
Date: Sun Oct 17 05:32:46 CEST 2010
rev-parse --is-inside-git-dir
Date: Sun Oct 17 05:32:46 CEST 2010
rev-parse --is-inside-work-tree
Date: Sun Oct 17 05:32:46 CEST 2010
svn dcommit --dry-run
Date: Sun Oct 17 05:32:49 CEST 2010
symbolic-ref HEAD
Date: Sun Oct 17 05:32:49 CEST 2010
rev-parse --is-inside-git-dir
Date: Sun Oct 17 05:32:49 CEST 2010
rev-parse --is-inside-work-tree
Date: Sun Oct 17 05:32:49 CEST 2010
svn dcommit
Date: Sun Oct 17 05:32:52 CEST 2010
symbolic-ref HEAD
Date: Sun Oct 17 05:32:55 CEST 2010
rev-parse --is-inside-git-dir
Date: Sun Oct 17 05:32:55 CEST 2010
rev-parse --is-inside-work-tree
Date: Sun Oct 17 05:32:55 CEST 2010
svn log
Date: Sun Oct 17 05:32:57 CEST 2010
symbolic-ref HEAD
Date: Sun Oct 17 05:32:57 CEST 2010
rev-parse --is-inside-git-dir
Date: Sun Oct 17 05:32:57 CEST 2010
rev-parse --is-inside-work-tree
Date: Sun Oct 17 05:32:57 CEST 2010
svn info
Date: Sun Oct 17 05:33:00 CEST 2010
symbolic-ref HEAD
Date: Sun Oct 17 05:33:00 CEST 2010
rev-parse --is-inside-git-dir
Date: Sun Oct 17 05:33:00 CEST 2010
rev-parse --is-inside-work-tree
Date: Sun Oct 17 05:33:00 CEST 2010
symbolic-ref HEAD
Date: Sun Oct 17 05:33:02 CEST 2010
rev-parse --is-inside-git-dir
Date: Sun Oct 17 05:33:02 CEST 2010
rev-parse --is-inside-work-tree
Date: Sun Oct 17 05:33:02 CEST 2010
symbolic-ref HEAD
Date: Sun Oct 17 05:33:04 CEST 2010
rev-parse --is-inside-git-dir
Date: Sun Oct 17 05:33:04 CEST 2010
rev-parse --is-inside-work-tree
Date: Sun Oct 17 05:33:04 CEST 2010
svn info
Date: Sun Oct 17 05:33:09 CEST 2010
symbolic-ref HEAD
Date: Sun Oct 17 05:33:09 CEST 2010
rev-parse --is-inside-git-dir
Date: Sun Oct 17 05:33:09 CEST 2010
rev-parse --is-inside-work-tree
Date: Sun Oct 17 05:33:09 CEST 2010
svn log
Date: Sun Oct 17 05:33:11 CEST 2010
symbolic-ref HEAD
Date: Sun Oct 17 05:33:13 CEST 2010
rev-parse --is-inside-git-dir
Date: Sun Oct 17 05:33:13 CEST 2010
rev-parse --is-inside-work-tree
Date: Sun Oct 17 05:33:13 CEST 2010
symbolic-ref HEAD
Date: Sun Oct 17 05:34:07 CEST 2010
rev-parse --is-inside-git-dir
Date: Sun Oct 17 05:34:07 CEST 2010
rev-parse --is-inside-work-tree
Date: Sun Oct 17 05:34:07 CEST 2010
symbolic-ref HEAD
Date: Sun Oct 17 05:34:07 CEST 2010
rev-parse --is-inside-git-dir
Date: Sun Oct 17 05:34:07 CEST 2010
rev-parse --is-inside-work-tree
Date: Sun Oct 17 05:34:07 CEST 2010
symbolic-ref HEAD
Date: Sun Oct 17 05:34:16 CEST 2010
rev-parse --is-inside-git-dir
Date: Sun Oct 17 05:34:16 CEST 2010
rev-parse --is-inside-work-tree
Date: Sun Oct 17 05:34:16 CEST 2010
symbolic-ref HEAD
Date: Sun Oct 17 05:34:23 CEST 2010
rev-parse --is-inside-git-dir
Date: Sun Oct 17 05:34:24 CEST 2010
rev-parse --is-inside-work-tree
Date: Sun Oct 17 05:34:24 CEST 2010
symbolic-ref HEAD
Date: Sun Oct 17 05:34:44 CEST 2010
rev-parse --is-inside-git-dir
Date: Sun Oct 17 05:34:44 CEST 2010
rev-parse --is-inside-work-tree
Date: Sun Oct 17 05:34:44 CEST 2010
symbolic-ref HEAD
Date: Sun Oct 17 05:34:48 CEST 2010
rev-parse --is-inside-git-dir
Date: Sun Oct 17 05:34:48 CEST 2010
rev-parse --is-inside-work-tree
Date: Sun Oct 17 05:34:48 CEST 2010
symbolic-ref HEAD
Date: Sun Oct 17 05:34:49 CEST 2010
rev-parse --is-inside-git-dir
Date: Sun Oct 17 05:34:49 CEST 2010
rev-parse --is-inside-work-tree
Date: Sun Oct 17 05:34:49 CEST 2010
symbolic-ref HEAD
Date: Sun Oct 17 05:35:04 CEST 2010
rev-parse --is-inside-git-dir
Date: Sun Oct 17 05:35:04 CEST 2010
rev-parse --is-inside-work-tree
Date: Sun Oct 17 05:35:04 CEST 2010
rev-parse --git-dir
Date: Sun Oct 17 05:35:07 CEST 2010
symbolic-ref HEAD
Date: Sun Oct 17 05:35:07 CEST 2010
rev-parse --is-inside-git-dir
Date: Sun Oct 17 05:35:07 CEST 2010
rev-parse --is-inside-work-tree
Date: Sun Oct 17 05:35:07 CEST 2010
gc
Date: Sun Oct 17 05:35:17 CEST 2010
symbolic-ref HEAD
Date: Sun Oct 17 05:35:17 CEST 2010
rev-parse --is-inside-git-dir
Date: Sun Oct 17 05:35:17 CEST 2010
rev-parse --is-inside-work-tree
Date: Sun Oct 17 05:35:17 CEST 2010
gc
Date: Sun Oct 17 05:35:19 CEST 2010
symbolic-ref HEAD
Date: Sun Oct 17 05:35:22 CEST 2010
rev-parse --is-inside-git-dir
Date: Sun Oct 17 05:35:22 CEST 2010
rev-parse --is-inside-work-tree
Date: Sun Oct 17 05:35:22 CEST 2010
--git-dir=.git config --get alias.bl
Date: Sun Oct 17 05:35:25 CEST 2010
--git-dir=.git config --get alias.bl
Date: Sun Oct 17 05:35:27 CEST 2010
bl pom.xml
Date: Sun Oct 17 05:35:28 CEST 2010
symbolic-ref HEAD
Date: Sun Oct 17 05:35:28 CEST 2010
rev-parse --is-inside-git-dir
Date: Sun Oct 17 05:35:28 CEST 2010
rev-parse --is-inside-work-tree
Date: Sun Oct 17 05:35:28 CEST 2010
bl pom.xml
Date: Sun Oct 17 05:35:30 CEST 2010
symbolic-ref HEAD
Date: Sun Oct 17 05:35:30 CEST 2010
rev-parse --is-inside-git-dir
Date: Sun Oct 17 05:35:30 CEST 2010
rev-parse --is-inside-work-tree
Date: Sun Oct 17 05:35:30 CEST 2010
blame pom.xml
Date: Sun Oct 17 05:35:35 CEST 2010
symbolic-ref HEAD
Date: Sun Oct 17 05:35:35 CEST 2010
rev-parse --is-inside-git-dir
Date: Sun Oct 17 05:35:35 CEST 2010
rev-parse --is-inside-work-tree
Date: Sun Oct 17 05:35:35 CEST 2010
blame pom.xml
Date: Sun Oct 17 05:35:36 CEST 2010
symbolic-ref HEAD
Date: Sun Oct 17 05:35:36 CEST 2010
rev-parse --is-inside-git-dir
Date: Sun Oct 17 05:35:36 CEST 2010
rev-parse --is-inside-work-tree
Date: Sun Oct 17 05:35:36 CEST 2010
blame pom.xml
Date: Sun Oct 17 05:35:40 CEST 2010
symbolic-ref HEAD
Date: Sun Oct 17 05:35:40 CEST 2010
rev-parse --is-inside-git-dir
Date: Sun Oct 17 05:35:40 CEST 2010
rev-parse --is-inside-work-tree
Date: Sun Oct 17 05:35:40 CEST 2010
help -a
Date: Sun Oct 17 05:35:43 CEST 2010
--git-dir=.git config --get-regexp alias\..*
Date: Sun Oct 17 05:35:43 CEST 2010
--git-dir=.git config --get-regexp alias\..*
Date: Sun Oct 17 05:35:44 CEST 2010
--git-dir=.git config --get-regexp alias\..*
Date: Sun Oct 17 05:35:45 CEST 2010
format-patch HEAD^
Date: Sun Oct 17 05:35:48 CEST 2010
symbolic-ref HEAD
Date: Sun Oct 17 05:35:48 CEST 2010
rev-parse --is-inside-git-dir
Date: Sun Oct 17 05:35:48 CEST 2010
rev-parse --is-inside-work-tree
Date: Sun Oct 17 05:35:48 CEST 2010
format-patch HEAD^
Date: Sun Oct 17 05:35:49 CEST 2010
symbolic-ref HEAD
Date: Sun Oct 17 05:35:51 CEST 2010
rev-parse --is-inside-git-dir
Date: Sun Oct 17 05:35:51 CEST 2010
rev-parse --is-inside-work-tree
Date: Sun Oct 17 05:35:51 CEST 2010
reset --soft HEAD^
Date: Sun Oct 17 05:35:58 CEST 2010
symbolic-ref HEAD
Date: Sun Oct 17 05:35:58 CEST 2010
rev-parse --is-inside-git-dir
Date: Sun Oct 17 05:35:58 CEST 2010
rev-parse --is-inside-work-tree
Date: Sun Oct 17 05:35:58 CEST 2010
symbolic-ref HEAD
Date: Sun Oct 17 05:35:58 CEST 2010
rev-parse --is-inside-git-dir
Date: Sun Oct 17 05:35:58 CEST 2010
rev-parse --is-inside-work-tree
Date: Sun Oct 17 05:35:58 CEST 2010
symbolic-ref HEAD
Date: Sun Oct 17 05:36:03 CEST 2010
rev-parse --is-inside-git-dir
Date: Sun Oct 17 05:36:03 CEST 2010
rev-parse --is-inside-work-tree
Date: Sun Oct 17 05:36:03 CEST 2010
symbolic-ref HEAD
Date: Sun Oct 17 05:36:07 CEST 2010
rev-parse --is-inside-git-dir
Date: Sun Oct 17 05:36:07 CEST 2010
rev-parse --is-inside-work-tree
Date: Sun Oct 17 05:36:07 CEST 2010
symbolic-ref HEAD
Date: Sun Oct 17 05:36:08 CEST 2010
rev-parse --is-inside-git-dir
Date: Sun Oct 17 05:36:08 CEST 2010
rev-parse --is-inside-work-tree
Date: Sun Oct 17 05:36:08 CEST 2010
symbolic-ref HEAD
Date: Sun Oct 17 05:36:09 CEST 2010
rev-parse --is-inside-git-dir
Date: Sun Oct 17 05:36:09 CEST 2010
rev-parse --is-inside-work-tree
Date: Sun Oct 17 05:36:09 CEST 2010
symbolic-ref HEAD
Date: Sun Oct 17 05:36:10 CEST 2010
rev-parse --is-inside-git-dir
Date: Sun Oct 17 05:36:10 CEST 2010
rev-parse --is-inside-work-tree
Date: Sun Oct 17 05:36:10 CEST 2010
st
Date: Sun Oct 17 05:36:11 CEST 2010
symbolic-ref HEAD
Date: Sun Oct 17 05:36:11 CEST 2010
rev-parse --is-inside-git-dir
Date: Sun Oct 17 05:36:11 CEST 2010
rev-parse --is-inside-work-tree
Date: Sun Oct 17 05:36:11 CEST 2010
co .
Date: Sun Oct 17 05:36:13 CEST 2010
symbolic-ref HEAD
Date: Sun Oct 17 05:36:13 CEST 2010
rev-parse --is-inside-git-dir
Date: Sun Oct 17 05:36:13 CEST 2010
rev-parse --is-inside-work-tree
Date: Sun Oct 17 05:36:13 CEST 2010
st
Date: Sun Oct 17 05:36:14 CEST 2010
symbolic-ref HEAD
Date: Sun Oct 17 05:36:14 CEST 2010
rev-parse --is-inside-git-dir
Date: Sun Oct 17 05:36:14 CEST 2010
rev-parse --is-inside-work-tree
Date: Sun Oct 17 05:36:14 CEST 2010
reset HEAD .
Date: Sun Oct 17 05:36:18 CEST 2010
symbolic-ref HEAD
Date: Sun Oct 17 05:36:18 CEST 2010
rev-parse --is-inside-git-dir
Date: Sun Oct 17 05:36:18 CEST 2010
rev-parse --is-inside-work-tree
Date: Sun Oct 17 05:36:18 CEST 2010
st
Date: Sun Oct 17 05:36:19 CEST 2010
symbolic-ref HEAD
Date: Sun Oct 17 05:36:19 CEST 2010
rev-parse --is-inside-git-dir
Date: Sun Oct 17 05:36:19 CEST 2010
rev-parse --is-inside-work-tree
Date: Sun Oct 17 05:36:19 CEST 2010
symbolic-ref HEAD
Date: Sun Oct 17 05:36:20 CEST 2010
rev-parse --is-inside-git-dir
Date: Sun Oct 17 05:36:20 CEST 2010
rev-parse --is-inside-work-tree
Date: Sun Oct 17 05:36:20 CEST 2010
st
Date: Sun Oct 17 05:36:21 CEST 2010
symbolic-ref HEAD
Date: Sun Oct 17 05:36:21 CEST 2010
rev-parse --is-inside-git-dir
Date: Sun Oct 17 05:36:21 CEST 2010
rev-parse --is-inside-work-tree
Date: Sun Oct 17 05:36:21 CEST 2010
svn clone https://svn.fibbe.nl/repos/timesync-web/branches/gwt
Date: Sun Oct 17 05:36:48 CEST 2010
symbolic-ref HEAD
Date: Sun Oct 17 05:36:50 CEST 2010
rev-parse --is-inside-git-dir
Date: Sun Oct 17 05:36:50 CEST 2010
rev-parse --is-inside-work-tree
Date: Sun Oct 17 05:36:50 CEST 2010
reset --hard HEAD^
Date: Sun Oct 17 05:36:55 CEST 2010
symbolic-ref HEAD
Date: Sun Oct 17 05:36:55 CEST 2010
rev-parse --is-inside-git-dir
Date: Sun Oct 17 05:36:55 CEST 2010
rev-parse --is-inside-work-tree
Date: Sun Oct 17 05:36:55 CEST 2010
symbolic-ref HEAD
Date: Sun Oct 17 05:36:56 CEST 2010
rev-parse --is-inside-git-dir
Date: Sun Oct 17 05:36:56 CEST 2010
rev-parse --is-inside-work-tree
Date: Sun Oct 17 05:36:56 CEST 2010
lg
Date: Sun Oct 17 05:36:59 CEST 2010
symbolic-ref HEAD
Date: Sun Oct 17 05:36:59 CEST 2010
rev-parse --is-inside-git-dir
Date: Sun Oct 17 05:36:59 CEST 2010
rev-parse --is-inside-work-tree
Date: Sun Oct 17 05:36:59 CEST 2010
reset --hard 32ccca87413838c7a5ed2f204aec4ea642c365fe
Date: Sun Oct 17 05:37:09 CEST 2010
symbolic-ref HEAD
Date: Sun Oct 17 05:37:10 CEST 2010
rev-parse --is-inside-git-dir
Date: Sun Oct 17 05:37:10 CEST 2010
rev-parse --is-inside-work-tree
Date: Sun Oct 17 05:37:10 CEST 2010
reset --hard 32ccca87413838c7a5ed2f204aec4ea642c365fe
Date: Sun Oct 17 05:37:12 CEST 2010
symbolic-ref HEAD
Date: Sun Oct 17 05:37:12 CEST 2010
rev-parse --is-inside-git-dir
Date: Sun Oct 17 05:37:12 CEST 2010
rev-parse --is-inside-work-tree
Date: Sun Oct 17 05:37:12 CEST 2010
symbolic-ref HEAD
Date: Sun Oct 17 05:37:14 CEST 2010
rev-parse --is-inside-git-dir
Date: Sun Oct 17 05:37:14 CEST 2010
rev-parse --is-inside-work-tree
Date: Sun Oct 17 05:37:14 CEST 2010
symbolic-ref HEAD
Date: Sun Oct 17 05:37:19 CEST 2010
rev-parse --is-inside-git-dir
Date: Sun Oct 17 05:37:19 CEST 2010
rev-parse --is-inside-work-tree
Date: Sun Oct 17 05:37:19 CEST 2010
lg
Date: Sun Oct 17 05:37:20 CEST 2010
symbolic-ref HEAD
Date: Sun Oct 17 05:37:20 CEST 2010
rev-parse --is-inside-git-dir
Date: Sun Oct 17 05:37:20 CEST 2010
rev-parse --is-inside-work-tree
Date: Sun Oct 17 05:37:20 CEST 2010
symbolic-ref HEAD
Date: Sun Oct 17 05:37:22 CEST 2010
rev-parse --is-inside-git-dir
Date: Sun Oct 17 05:37:22 CEST 2010
rev-parse --is-inside-work-tree
Date: Sun Oct 17 05:37:22 CEST 2010
add nieuw
Date: Sun Oct 17 05:37:25 CEST 2010
symbolic-ref HEAD
Date: Sun Oct 17 05:37:27 CEST 2010
rev-parse --is-inside-git-dir
Date: Sun Oct 17 05:37:27 CEST 2010
rev-parse --is-inside-work-tree
Date: Sun Oct 17 05:37:27 CEST 2010
ci
Date: Sun Oct 17 05:37:30 CEST 2010
symbolic-ref HEAD
Date: Sun Oct 17 05:37:30 CEST 2010
rev-parse --is-inside-git-dir
Date: Sun Oct 17 05:37:30 CEST 2010
rev-parse --is-inside-work-tree
Date: Sun Oct 17 05:37:30 CEST 2010
reset --hard HEAD^
Date: Sun Oct 17 05:37:36 CEST 2010
symbolic-ref HEAD
Date: Sun Oct 17 05:37:36 CEST 2010
rev-parse --is-inside-git-dir
Date: Sun Oct 17 05:37:36 CEST 2010
rev-parse --is-inside-work-tree
Date: Sun Oct 17 05:37:36 CEST 2010
st
Date: Sun Oct 17 05:37:37 CEST 2010
symbolic-ref HEAD
Date: Sun Oct 17 05:37:37 CEST 2010
rev-parse --is-inside-git-dir
Date: Sun Oct 17 05:37:37 CEST 2010
rev-parse --is-inside-work-tree
Date: Sun Oct 17 05:37:37 CEST 2010
lg
Date: Sun Oct 17 05:37:39 CEST 2010
symbolic-ref HEAD
Date: Sun Oct 17 05:37:39 CEST 2010
rev-parse --is-inside-git-dir
Date: Sun Oct 17 05:37:39 CEST 2010
rev-parse --is-inside-work-tree
Date: Sun Oct 17 05:37:39 CEST 2010
symbolic-ref HEAD
Date: Sun Oct 17 05:37:40 CEST 2010
rev-parse --is-inside-git-dir
Date: Sun Oct 17 05:37:40 CEST 2010
rev-parse --is-inside-work-tree
Date: Sun Oct 17 05:37:40 CEST 2010
add bla
Date: Sun Oct 17 05:37:42 CEST 2010
symbolic-ref HEAD
Date: Sun Oct 17 05:37:42 CEST 2010
rev-parse --is-inside-git-dir
Date: Sun Oct 17 05:37:42 CEST 2010
rev-parse --is-inside-work-tree
Date: Sun Oct 17 05:37:42 CEST 2010
ci
Date: Sun Oct 17 05:37:45 CEST 2010
symbolic-ref HEAD
Date: Sun Oct 17 05:37:47 CEST 2010
rev-parse --is-inside-git-dir
Date: Sun Oct 17 05:37:47 CEST 2010
rev-parse --is-inside-work-tree
Date: Sun Oct 17 05:37:48 CEST 2010
symbolic-ref HEAD
Date: Sun Oct 17 05:37:48 CEST 2010
rev-parse --is-inside-git-dir
Date: Sun Oct 17 05:37:48 CEST 2010
rev-parse --is-inside-work-tree
Date: Sun Oct 17 05:37:48 CEST 2010
add nogiets
Date: Sun Oct 17 05:37:50 CEST 2010
symbolic-ref HEAD
Date: Sun Oct 17 05:37:50 CEST 2010
rev-parse --is-inside-git-dir
Date: Sun Oct 17 05:37:50 CEST 2010
rev-parse --is-inside-work-tree
Date: Sun Oct 17 05:37:50 CEST 2010
ci
Date: Sun Oct 17 05:37:52 CEST 2010
symbolic-ref HEAD
Date: Sun Oct 17 05:37:52 CEST 2010
rev-parse --is-inside-git-dir
Date: Sun Oct 17 05:37:52 CEST 2010
rev-parse --is-inside-work-tree
Date: Sun Oct 17 05:37:52 CEST 2010
symbolic-ref HEAD
Date: Sun Oct 17 05:37:54 CEST 2010
rev-parse --is-inside-git-dir
Date: Sun Oct 17 05:37:54 CEST 2010
rev-parse --is-inside-work-tree
Date: Sun Oct 17 05:37:54 CEST 2010
add jawel
Date: Sun Oct 17 05:37:56 CEST 2010
symbolic-ref HEAD
Date: Sun Oct 17 05:37:56 CEST 2010
rev-parse --is-inside-git-dir
Date: Sun Oct 17 05:37:56 CEST 2010
rev-parse --is-inside-work-tree
Date: Sun Oct 17 05:37:56 CEST 2010
ci
Date: Sun Oct 17 05:37:59 CEST 2010
symbolic-ref HEAD
Date: Sun Oct 17 05:37:59 CEST 2010
rev-parse --is-inside-git-dir
Date: Sun Oct 17 05:37:59 CEST 2010
rev-parse --is-inside-work-tree
Date: Sun Oct 17 05:37:59 CEST 2010
symbolic-ref HEAD
Date: Sun Oct 17 05:38:11 CEST 2010
rev-parse --is-inside-git-dir
Date: Sun Oct 17 05:38:11 CEST 2010
rev-parse --is-inside-work-tree
Date: Sun Oct 17 05:38:11 CEST 2010
format-patch HEAD^
Date: Sun Oct 17 05:38:14 CEST 2010
symbolic-ref HEAD
Date: Sun Oct 17 05:38:14 CEST 2010
rev-parse --is-inside-git-dir
Date: Sun Oct 17 05:38:14 CEST 2010
rev-parse --is-inside-work-tree
Date: Sun Oct 17 05:38:14 CEST 2010
reset --hard HEAD^
Date: Sun Oct 17 05:38:19 CEST 2010
symbolic-ref HEAD
Date: Sun Oct 17 05:38:19 CEST 2010
rev-parse --is-inside-git-dir
Date: Sun Oct 17 05:38:19 CEST 2010
rev-parse --is-inside-work-tree
Date: Sun Oct 17 05:38:19 CEST 2010
am -k3 0001-jfdksl.patch
Date: Sun Oct 17 05:38:23 CEST 2010
symbolic-ref HEAD
Date: Sun Oct 17 05:38:23 CEST 2010
rev-parse --is-inside-git-dir
Date: Sun Oct 17 05:38:23 CEST 2010
rev-parse --is-inside-work-tree
Date: Sun Oct 17 05:38:23 CEST 2010
am -k3 0001-jfdksl.patch
Date: Sun Oct 17 05:38:25 CEST 2010
symbolic-ref HEAD
Date: Sun Oct 17 05:38:25 CEST 2010
rev-parse --is-inside-git-dir
Date: Sun Oct 17 05:38:25 CEST 2010
rev-parse --is-inside-work-tree
Date: Sun Oct 17 05:38:25 CEST 2010
reset --hard HEAD^
Date: Sun Oct 17 05:38:32 CEST 2010
symbolic-ref HEAD
Date: Sun Oct 17 05:38:32 CEST 2010
rev-parse --is-inside-git-dir
Date: Sun Oct 17 05:38:32 CEST 2010
rev-parse --is-inside-work-tree
Date: Sun Oct 17 05:38:32 CEST 2010
am -k3 0001-jfdksl.patch
Date: Sun Oct 17 05:38:34 CEST 2010
symbolic-ref HEAD
Date: Sun Oct 17 05:38:34 CEST 2010
rev-parse --is-inside-git-dir
Date: Sun Oct 17 05:38:34 CEST 2010
rev-parse --is-inside-work-tree
Date: Sun Oct 17 05:38:34 CEST 2010
config alias.xxx ls-files
Date: Sun Oct 17 05:38:43 CEST 2010
symbolic-ref HEAD
Date: Sun Oct 17 05:38:43 CEST 2010
rev-parse --is-inside-git-dir
Date: Sun Oct 17 05:38:43 CEST 2010
rev-parse --is-inside-work-tree
Date: Sun Oct 17 05:38:43 CEST 2010
xxx
Date: Sun Oct 17 05:38:45 CEST 2010
symbolic-ref HEAD
Date: Sun Oct 17 05:38:45 CEST 2010
rev-parse --is-inside-git-dir
Date: Sun Oct 17 05:38:45 CEST 2010
rev-parse --is-inside-work-tree
Date: Sun Oct 17 05:38:45 CEST 2010
xxx
Date: Sun Oct 17 05:38:51 CEST 2010
symbolic-ref HEAD
Date: Sun Oct 17 05:38:51 CEST 2010
rev-parse --is-inside-git-dir
Date: Sun Oct 17 05:38:51 CEST 2010
rev-parse --is-inside-work-tree
Date: Sun Oct 17 05:38:51 CEST 2010
xxx
Date: Sun Oct 17 05:38:52 CEST 2010
symbolic-ref HEAD
Date: Sun Oct 17 05:38:52 CEST 2010
rev-parse --is-inside-git-dir
Date: Sun Oct 17 05:38:52 CEST 2010
rev-parse --is-inside-work-tree
Date: Sun Oct 17 05:38:52 CEST 2010
--git-dir=.git config --get-regexp alias\..*
Date: Sun Oct 17 05:38:57 CEST 2010
--git-dir=.git config --get-regexp alias\..*
Date: Sun Oct 17 05:38:57 CEST 2010
--git-dir=.git config --get-regexp alias\..*
Date: Sun Oct 17 05:38:57 CEST 2010
--git-dir=.git config --get-regexp alias\..*
Date: Sun Oct 17 05:38:58 CEST 2010
config --unset alias.xxx
Date: Sun Oct 17 05:39:05 CEST 2010
symbolic-ref HEAD
Date: Sun Oct 17 05:39:05 CEST 2010
rev-parse --is-inside-git-dir
Date: Sun Oct 17 05:39:05 CEST 2010
rev-parse --is-inside-work-tree
Date: Sun Oct 17 05:39:05 CEST 2010
gc
Date: Sun Oct 17 05:39:08 CEST 2010
symbolic-ref HEAD
Date: Sun Oct 17 05:39:08 CEST 2010
rev-parse --is-inside-git-dir
Date: Sun Oct 17 05:39:08 CEST 2010
rev-parse --is-inside-work-tree
Date: Sun Oct 17 05:39:08 CEST 2010
gc
Date: Sun Oct 17 05:39:09 CEST 2010
symbolic-ref HEAD
Date: Sun Oct 17 05:39:13 CEST 2010
rev-parse --is-inside-git-dir
Date: Sun Oct 17 05:39:13 CEST 2010
rev-parse --is-inside-work-tree
Date: Sun Oct 17 05:39:13 CEST 2010
gc
Date: Sun Oct 17 05:39:48 CEST 2010
symbolic-ref HEAD
Date: Sun Oct 17 05:39:48 CEST 2010
rev-parse --is-inside-git-dir
Date: Sun Oct 17 05:39:48 CEST 2010
rev-parse --is-inside-work-tree
Date: Sun Oct 17 05:39:48 CEST 2010
gc
Date: Sun Oct 17 05:39:49 CEST 2010
symbolic-ref HEAD
Date: Sun Oct 17 05:39:49 CEST 2010
rev-parse --is-inside-git-dir
Date: Sun Oct 17 05:39:49 CEST 2010
rev-parse --is-inside-work-tree
Date: Sun Oct 17 05:39:49 CEST 2010
gc
Date: Sun Oct 17 05:39:49 CEST 2010
symbolic-ref HEAD
Date: Sun Oct 17 05:39:49 CEST 2010
rev-parse --is-inside-git-dir
Date: Sun Oct 17 05:39:49 CEST 2010
rev-parse --is-inside-work-tree
Date: Sun Oct 17 05:39:49 CEST 2010
gc
Date: Sun Oct 17 05:39:49 CEST 2010
symbolic-ref HEAD
Date: Sun Oct 17 05:39:53 CEST 2010
rev-parse --is-inside-git-dir
Date: Sun Oct 17 05:39:53 CEST 2010
rev-parse --is-inside-work-tree
Date: Sun Oct 17 05:39:53 CEST 2010
gc
Date: Sun Oct 17 05:39:58 CEST 2010
symbolic-ref HEAD
Date: Sun Oct 17 05:39:58 CEST 2010
rev-parse --is-inside-git-dir
Date: Sun Oct 17 05:39:58 CEST 2010
rev-parse --is-inside-work-tree
Date: Sun Oct 17 05:39:58 CEST 2010
gc
Date: Sun Oct 17 05:39:58 CEST 2010
symbolic-ref HEAD
Date: Sun Oct 17 05:39:58 CEST 2010
rev-parse --is-inside-git-dir
Date: Sun Oct 17 05:39:58 CEST 2010
rev-parse --is-inside-work-tree
Date: Sun Oct 17 05:39:58 CEST 2010
gc
Date: Sun Oct 17 05:39:59 CEST 2010
symbolic-ref HEAD
Date: Sun Oct 17 05:39:59 CEST 2010
rev-parse --is-inside-git-dir
Date: Sun Oct 17 05:39:59 CEST 2010
rev-parse --is-inside-work-tree
Date: Sun Oct 17 05:39:59 CEST 2010
gc
Date: Sun Oct 17 05:39:59 CEST 2010
symbolic-ref HEAD
Date: Sun Oct 17 05:39:59 CEST 2010
rev-parse --is-inside-git-dir
Date: Sun Oct 17 05:39:59 CEST 2010
rev-parse --is-inside-work-tree
Date: Sun Oct 17 05:39:59 CEST 2010
gc
Date: Sun Oct 17 05:39:59 CEST 2010
symbolic-ref HEAD
Date: Sun Oct 17 05:39:59 CEST 2010
rev-parse --is-inside-git-dir
Date: Sun Oct 17 05:39:59 CEST 2010
rev-parse --is-inside-work-tree
Date: Sun Oct 17 05:39:59 CEST 2010
gc
Date: Sun Oct 17 05:39:59 CEST 2010
symbolic-ref HEAD
Date: Sun Oct 17 05:39:59 CEST 2010
rev-parse --is-inside-git-dir
Date: Sun Oct 17 05:39:59 CEST 2010
rev-parse --is-inside-work-tree
Date: Sun Oct 17 05:39:59 CEST 2010
gc
Date: Sun Oct 17 05:40:00 CEST 2010
symbolic-ref HEAD
Date: Sun Oct 17 05:40:00 CEST 2010
rev-parse --is-inside-git-dir
Date: Sun Oct 17 05:40:00 CEST 2010
rev-parse --is-inside-work-tree
Date: Sun Oct 17 05:40:00 CEST 2010
gc
Date: Sun Oct 17 05:40:00 CEST 2010
symbolic-ref HEAD
Date: Sun Oct 17 05:40:02 CEST 2010
rev-parse --is-inside-git-dir
Date: Sun Oct 17 05:40:02 CEST 2010
rev-parse --is-inside-work-tree
Date: Sun Oct 17 05:40:02 CEST 2010
gc
Date: Sun Oct 17 05:40:02 CEST 2010
symbolic-ref HEAD
Date: Sun Oct 17 05:40:02 CEST 2010
rev-parse --is-inside-git-dir
Date: Sun Oct 17 05:40:03 CEST 2010
rev-parse --is-inside-work-tree
Date: Sun Oct 17 05:40:03 CEST 2010
gc
Date: Sun Oct 17 05:40:06 CEST 2010
symbolic-ref HEAD
Date: Sun Oct 17 05:40:06 CEST 2010
rev-parse --is-inside-git-dir
Date: Sun Oct 17 05:40:06 CEST 2010
rev-parse --is-inside-work-tree
Date: Sun Oct 17 05:40:06 CEST 2010
gc
Date: Sun Oct 17 05:40:06 CEST 2010
symbolic-ref HEAD
Date: Sun Oct 17 05:40:06 CEST 2010
rev-parse --is-inside-git-dir
Date: Sun Oct 17 05:40:06 CEST 2010
rev-parse --is-inside-work-tree
Date: Sun Oct 17 05:40:06 CEST 2010
gc
Date: Sun Oct 17 05:40:06 CEST 2010
symbolic-ref HEAD
Date: Sun Oct 17 05:40:06 CEST 2010
rev-parse --is-inside-git-dir
Date: Sun Oct 17 05:40:06 CEST 2010
rev-parse --is-inside-work-tree
Date: Sun Oct 17 05:40:06 CEST 2010
gc
Date: Sun Oct 17 05:40:07 CEST 2010
symbolic-ref HEAD
Date: Sun Oct 17 05:40:07 CEST 2010
rev-parse --is-inside-git-dir
Date: Sun Oct 17 05:40:07 CEST 2010
rev-parse --is-inside-work-tree
Date: Sun Oct 17 05:40:07 CEST 2010
gc
Date: Sun Oct 17 05:40:07 CEST 2010
symbolic-ref HEAD
Date: Sun Oct 17 05:40:07 CEST 2010
rev-parse --is-inside-git-dir
Date: Sun Oct 17 05:40:07 CEST 2010
rev-parse --is-inside-work-tree
Date: Sun Oct 17 05:40:07 CEST 2010
gc
Date: Sun Oct 17 05:40:07 CEST 2010
symbolic-ref HEAD
Date: Sun Oct 17 05:40:07 CEST 2010
rev-parse --is-inside-git-dir
Date: Sun Oct 17 05:40:07 CEST 2010
rev-parse --is-inside-work-tree
Date: Sun Oct 17 05:40:07 CEST 2010
gc
Date: Sun Oct 17 05:40:07 CEST 2010
symbolic-ref HEAD
Date: Sun Oct 17 05:40:07 CEST 2010
rev-parse --is-inside-git-dir
Date: Sun Oct 17 05:40:07 CEST 2010
rev-parse --is-inside-work-tree
Date: Sun Oct 17 05:40:07 CEST 2010
gc
Date: Sun Oct 17 05:40:08 CEST 2010
symbolic-ref HEAD
Date: Sun Oct 17 05:40:08 CEST 2010
rev-parse --is-inside-git-dir
Date: Sun Oct 17 05:40:08 CEST 2010
rev-parse --is-inside-work-tree
Date: Sun Oct 17 05:40:08 CEST 2010
gc
Date: Sun Oct 17 05:40:08 CEST 2010
symbolic-ref HEAD
Date: Sun Oct 17 05:40:08 CEST 2010
rev-parse --is-inside-git-dir
Date: Sun Oct 17 05:40:08 CEST 2010
rev-parse --is-inside-work-tree
Date: Sun Oct 17 05:40:08 CEST 2010
gc
Date: Sun Oct 17 05:40:08 CEST 2010
symbolic-ref HEAD
Date: Sun Oct 17 05:40:08 CEST 2010
rev-parse --is-inside-git-dir
Date: Sun Oct 17 05:40:08 CEST 2010
rev-parse --is-inside-work-tree
Date: Sun Oct 17 05:40:08 CEST 2010
gc
Date: Sun Oct 17 05:40:08 CEST 2010
symbolic-ref HEAD
Date: Sun Oct 17 05:40:08 CEST 2010
rev-parse --is-inside-git-dir
Date: Sun Oct 17 05:40:09 CEST 2010
rev-parse --is-inside-work-tree
Date: Sun Oct 17 05:40:09 CEST 2010
gc
Date: Sun Oct 17 05:40:09 CEST 2010
symbolic-ref HEAD
Date: Sun Oct 17 05:40:09 CEST 2010
rev-parse --is-inside-git-dir
Date: Sun Oct 17 05:40:09 CEST 2010
rev-parse --is-inside-work-tree
Date: Sun Oct 17 05:40:09 CEST 2010
gc
Date: Sun Oct 17 05:40:10 CEST 2010
symbolic-ref HEAD
Date: Sun Oct 17 05:40:10 CEST 2010
rev-parse --is-inside-git-dir
Date: Sun Oct 17 05:40:10 CEST 2010
rev-parse --is-inside-work-tree
Date: Sun Oct 17 05:40:10 CEST 2010
gc
Date: Sun Oct 17 05:40:10 CEST 2010
symbolic-ref HEAD
Date: Sun Oct 17 05:40:10 CEST 2010
rev-parse --is-inside-git-dir
Date: Sun Oct 17 05:40:10 CEST 2010
rev-parse --is-inside-work-tree
Date: Sun Oct 17 05:40:10 CEST 2010
gc
Date: Sun Oct 17 05:40:10 CEST 2010
symbolic-ref HEAD
Date: Sun Oct 17 05:40:14 CEST 2010
rev-parse --is-inside-git-dir
Date: Sun Oct 17 05:40:14 CEST 2010
rev-parse --is-inside-work-tree
Date: Sun Oct 17 05:40:14 CEST 2010
gc
Date: Sun Oct 17 05:40:14 CEST 2010
symbolic-ref HEAD
Date: Sun Oct 17 05:40:14 CEST 2010
rev-parse --is-inside-git-dir
Date: Sun Oct 17 05:40:14 CEST 2010
rev-parse --is-inside-work-tree
Date: Sun Oct 17 05:40:14 CEST 2010
st
Date: Sun Oct 17 05:40:17 CEST 2010
symbolic-ref HEAD
Date: Sun Oct 17 05:40:17 CEST 2010
rev-parse --is-inside-git-dir
Date: Sun Oct 17 05:40:17 CEST 2010
rev-parse --is-inside-work-tree
Date: Sun Oct 17 05:40:17 CEST 2010
st
Date: Sun Oct 17 05:40:18 CEST 2010
symbolic-ref HEAD
Date: Sun Oct 17 05:40:18 CEST 2010
rev-parse --is-inside-git-dir
Date: Sun Oct 17 05:40:18 CEST 2010
rev-parse --is-inside-work-tree
Date: Sun Oct 17 05:40:18 CEST 2010
st
Date: Sun Oct 17 05:40:19 CEST 2010
symbolic-ref HEAD
Date: Sun Oct 17 05:40:19 CEST 2010
rev-parse --is-inside-git-dir
Date: Sun Oct 17 05:40:19 CEST 2010
rev-parse --is-inside-work-tree
Date: Sun Oct 17 05:40:19 CEST 2010
st
Date: Sun Oct 17 05:40:19 CEST 2010
symbolic-ref HEAD
Date: Sun Oct 17 05:40:19 CEST 2010
rev-parse --is-inside-git-dir
Date: Sun Oct 17 05:40:19 CEST 2010
rev-parse --is-inside-work-tree
Date: Sun Oct 17 05:40:19 CEST 2010
st
Date: Sun Oct 17 05:40:19 CEST 2010
symbolic-ref HEAD
Date: Sun Oct 17 05:40:19 CEST 2010
rev-parse --is-inside-git-dir
Date: Sun Oct 17 05:40:19 CEST 2010
rev-parse --is-inside-work-tree
Date: Sun Oct 17 05:40:19 CEST 2010
st
Date: Sun Oct 17 05:40:19 CEST 2010
symbolic-ref HEAD
Date: Sun Oct 17 05:40:19 CEST 2010
rev-parse --is-inside-git-dir
Date: Sun Oct 17 05:40:19 CEST 2010
rev-parse --is-inside-work-tree
Date: Sun Oct 17 05:40:20 CEST 2010
st
Date: Sun Oct 17 05:40:20 CEST 2010
symbolic-ref HEAD
Date: Sun Oct 17 05:40:20 CEST 2010
rev-parse --is-inside-git-dir
Date: Sun Oct 17 05:40:20 CEST 2010
rev-parse --is-inside-work-tree
Date: Sun Oct 17 05:40:20 CEST 2010
st
Date: Sun Oct 17 05:40:20 CEST 2010
symbolic-ref HEAD
Date: Sun Oct 17 05:40:20 CEST 2010
rev-parse --is-inside-git-dir
Date: Sun Oct 17 05:40:20 CEST 2010
rev-parse --is-inside-work-tree
Date: Sun Oct 17 05:40:20 CEST 2010
--git-dir=.git config --get alias.bl
Date: Sun Oct 17 05:40:23 CEST 2010
bl nogiets
Date: Sun Oct 17 05:40:24 CEST 2010
symbolic-ref HEAD
Date: Sun Oct 17 05:40:24 CEST 2010
rev-parse --is-inside-git-dir
Date: Sun Oct 17 05:40:24 CEST 2010
rev-parse --is-inside-work-tree
Date: Sun Oct 17 05:40:24 CEST 2010
bl nogiets
Date: Sun Oct 17 05:40:25 CEST 2010
symbolic-ref HEAD
Date: Sun Oct 17 05:40:25 CEST 2010
rev-parse --is-inside-git-dir
Date: Sun Oct 17 05:40:25 CEST 2010
rev-parse --is-inside-work-tree
Date: Sun Oct 17 05:40:25 CEST 2010
bl nogiets
Date: Sun Oct 17 05:40:25 CEST 2010
symbolic-ref HEAD
Date: Sun Oct 17 05:40:25 CEST 2010
rev-parse --is-inside-git-dir
Date: Sun Oct 17 05:40:25 CEST 2010
rev-parse --is-inside-work-tree
Date: Sun Oct 17 05:40:25 CEST 2010
bl nogiets
Date: Sun Oct 17 05:40:26 CEST 2010
symbolic-ref HEAD
Date: Sun Oct 17 05:40:26 CEST 2010
rev-parse --is-inside-git-dir
Date: Sun Oct 17 05:40:26 CEST 2010
rev-parse --is-inside-work-tree
Date: Sun Oct 17 05:40:26 CEST 2010
bl nogiets
Date: Sun Oct 17 05:40:26 CEST 2010
symbolic-ref HEAD
Date: Sun Oct 17 05:40:29 CEST 2010
rev-parse --is-inside-git-dir
Date: Sun Oct 17 05:40:29 CEST 2010
rev-parse --is-inside-work-tree
Date: Sun Oct 17 05:40:29 CEST 2010
bl nogiets
Date: Sun Oct 17 05:40:29 CEST 2010
symbolic-ref HEAD
Date: Sun Oct 17 05:40:29 CEST 2010
rev-parse --is-inside-git-dir
Date: Sun Oct 17 05:40:29 CEST 2010
rev-parse --is-inside-work-tree
Date: Sun Oct 17 05:40:29 CEST 2010
bl nogiets
Date: Sun Oct 17 05:40:32 CEST 2010
symbolic-ref HEAD
Date: Sun Oct 17 05:40:32 CEST 2010
rev-parse --is-inside-git-dir
Date: Sun Oct 17 05:40:32 CEST 2010
rev-parse --is-inside-work-tree
Date: Sun Oct 17 05:40:32 CEST 2010
bl nogiets
Date: Sun Oct 17 05:40:32 CEST 2010
symbolic-ref HEAD
Date: Sun Oct 17 05:40:32 CEST 2010
rev-parse --is-inside-git-dir
Date: Sun Oct 17 05:40:32 CEST 2010
rev-parse --is-inside-work-tree
Date: Sun Oct 17 05:40:32 CEST 2010
bl nogiets
Date: Sun Oct 17 05:40:32 CEST 2010
symbolic-ref HEAD
Date: Sun Oct 17 05:40:32 CEST 2010
rev-parse --is-inside-git-dir
Date: Sun Oct 17 05:40:32 CEST 2010
rev-parse --is-inside-work-tree
Date: Sun Oct 17 05:40:32 CEST 2010
bl nogiets
Date: Sun Oct 17 05:40:32 CEST 2010
symbolic-ref HEAD
Date: Sun Oct 17 05:40:32 CEST 2010
rev-parse --is-inside-git-dir
Date: Sun Oct 17 05:40:32 CEST 2010
rev-parse --is-inside-work-tree
Date: Sun Oct 17 05:40:32 CEST 2010
bl nogiets
Date: Sun Oct 17 05:40:33 CEST 2010
symbolic-ref HEAD
Date: Sun Oct 17 05:40:33 CEST 2010
rev-parse --is-inside-git-dir
Date: Sun Oct 17 05:40:33 CEST 2010
rev-parse --is-inside-work-tree
Date: Sun Oct 17 05:40:33 CEST 2010
bl nogiets
Date: Sun Oct 17 05:40:33 CEST 2010
symbolic-ref HEAD
Date: Sun Oct 17 05:40:33 CEST 2010
rev-parse --is-inside-git-dir
Date: Sun Oct 17 05:40:33 CEST 2010
rev-parse --is-inside-work-tree
Date: Sun Oct 17 05:40:33 CEST 2010
bl nogiets
Date: Sun Oct 17 05:40:33 CEST 2010
symbolic-ref HEAD
Date: Sun Oct 17 05:40:33 CEST 2010
rev-parse --is-inside-git-dir
Date: Sun Oct 17 05:40:33 CEST 2010
rev-parse --is-inside-work-tree
Date: Sun Oct 17 05:40:33 CEST 2010
bl nogiets
Date: Sun Oct 17 05:40:33 CEST 2010
symbolic-ref HEAD
Date: Sun Oct 17 05:40:33 CEST 2010
rev-parse --is-inside-git-dir
Date: Sun Oct 17 05:40:33 CEST 2010
rev-parse --is-inside-work-tree
Date: Sun Oct 17 05:40:33 CEST 2010
bl nogiets
Date: Sun Oct 17 05:40:33 CEST 2010
symbolic-ref HEAD
Date: Sun Oct 17 05:40:34 CEST 2010
rev-parse --is-inside-git-dir
Date: Sun Oct 17 05:40:34 CEST 2010
rev-parse --is-inside-work-tree
Date: Sun Oct 17 05:40:34 CEST 2010
bl nogiets
Date: Sun Oct 17 05:40:34 CEST 2010
symbolic-ref HEAD
Date: Sun Oct 17 05:40:34 CEST 2010
rev-parse --is-inside-git-dir
Date: Sun Oct 17 05:40:34 CEST 2010
rev-parse --is-inside-work-tree
Date: Sun Oct 17 05:40:34 CEST 2010
bl nogiets
Date: Sun Oct 17 05:40:34 CEST 2010
symbolic-ref HEAD
Date: Sun Oct 17 05:40:34 CEST 2010
rev-parse --is-inside-git-dir
Date: Sun Oct 17 05:40:34 CEST 2010
rev-parse --is-inside-work-tree
Date: Sun Oct 17 05:40:34 CEST 2010
bl nogiets
Date: Sun Oct 17 05:40:34 CEST 2010
symbolic-ref HEAD
Date: Sun Oct 17 05:40:34 CEST 2010
rev-parse --is-inside-git-dir
Date: Sun Oct 17 05:40:34 CEST 2010
rev-parse --is-inside-work-tree
Date: Sun Oct 17 05:40:34 CEST 2010
bl nogiets
Date: Sun Oct 17 05:40:34 CEST 2010
symbolic-ref HEAD
Date: Sun Oct 17 05:40:35 CEST 2010
rev-parse --is-inside-git-dir
Date: Sun Oct 17 05:40:35 CEST 2010
rev-parse --is-inside-work-tree
Date: Sun Oct 17 05:40:35 CEST 2010
bl nogiets
Date: Sun Oct 17 05:40:35 CEST 2010
symbolic-ref HEAD
Date: Sun Oct 17 05:40:35 CEST 2010
rev-parse --is-inside-git-dir
Date: Sun Oct 17 05:40:35 CEST 2010
rev-parse --is-inside-work-tree
Date: Sun Oct 17 05:40:35 CEST 2010
bl nogiets
Date: Sun Oct 17 05:40:35 CEST 2010
symbolic-ref HEAD
Date: Sun Oct 17 05:40:38 CEST 2010
rev-parse --is-inside-git-dir
Date: Sun Oct 17 05:40:38 CEST 2010
rev-parse --is-inside-work-tree
Date: Sun Oct 17 05:40:38 CEST 2010
bl nogiets
Date: Sun Oct 17 05:40:38 CEST 2010
symbolic-ref HEAD
Date: Sun Oct 17 05:40:38 CEST 2010
rev-parse --is-inside-git-dir
Date: Sun Oct 17 05:40:38 CEST 2010
rev-parse --is-inside-work-tree
Date: Sun Oct 17 05:40:38 CEST 2010
--git-dir=.git config --get alias.df
Date: Sun Oct 17 05:40:41 CEST 2010
--git-dir=.git for-each-ref --format=%(refname:short) refs/tags refs/heads refs/remotes
Date: Sun Oct 17 05:40:41 CEST 2010
df nogiets
Date: Sun Oct 17 05:40:41 CEST 2010
symbolic-ref HEAD
Date: Sun Oct 17 05:40:41 CEST 2010
rev-parse --is-inside-git-dir
Date: Sun Oct 17 05:40:41 CEST 2010
rev-parse --is-inside-work-tree
Date: Sun Oct 17 05:40:41 CEST 2010
df nogiets
Date: Sun Oct 17 05:40:42 CEST 2010
symbolic-ref HEAD
Date: Sun Oct 17 05:40:42 CEST 2010
rev-parse --is-inside-git-dir
Date: Sun Oct 17 05:40:42 CEST 2010
rev-parse --is-inside-work-tree
Date: Sun Oct 17 05:40:42 CEST 2010
df nogiets
Date: Sun Oct 17 05:40:42 CEST 2010
symbolic-ref HEAD
Date: Sun Oct 17 05:40:42 CEST 2010
rev-parse --is-inside-git-dir
Date: Sun Oct 17 05:40:42 CEST 2010
rev-parse --is-inside-work-tree
Date: Sun Oct 17 05:40:42 CEST 2010
df nogiets
Date: Sun Oct 17 05:40:43 CEST 2010
symbolic-ref HEAD
Date: Sun Oct 17 05:40:43 CEST 2010
rev-parse --is-inside-git-dir
Date: Sun Oct 17 05:40:43 CEST 2010
rev-parse --is-inside-work-tree
Date: Sun Oct 17 05:40:43 CEST 2010
df nogiets
Date: Sun Oct 17 05:40:43 CEST 2010
symbolic-ref HEAD
Date: Sun Oct 17 05:40:43 CEST 2010
rev-parse --is-inside-git-dir
Date: Sun Oct 17 05:40:43 CEST 2010
rev-parse --is-inside-work-tree
Date: Sun Oct 17 05:40:43 CEST 2010
df nogiets
Date: Sun Oct 17 05:40:43 CEST 2010
symbolic-ref HEAD
Date: Sun Oct 17 05:40:43 CEST 2010
rev-parse --is-inside-git-dir
Date: Sun Oct 17 05:40:43 CEST 2010
rev-parse --is-inside-work-tree
Date: Sun Oct 17 05:40:43 CEST 2010
df nogiets
Date: Sun Oct 17 05:40:43 CEST 2010
symbolic-ref HEAD
Date: Sun Oct 17 05:40:43 CEST 2010
rev-parse --is-inside-git-dir
Date: Sun Oct 17 05:40:43 CEST 2010
rev-parse --is-inside-work-tree
Date: Sun Oct 17 05:40:43 CEST 2010
df nogiets
Date: Sun Oct 17 05:40:44 CEST 2010
symbolic-ref HEAD
Date: Sun Oct 17 05:40:44 CEST 2010
rev-parse --is-inside-git-dir
Date: Sun Oct 17 05:40:44 CEST 2010
rev-parse --is-inside-work-tree
Date: Sun Oct 17 05:40:44 CEST 2010
df nogiets
Date: Sun Oct 17 05:40:44 CEST 2010
symbolic-ref HEAD
Date: Sun Oct 17 05:40:44 CEST 2010
rev-parse --is-inside-git-dir
Date: Sun Oct 17 05:40:44 CEST 2010
rev-parse --is-inside-work-tree
Date: Sun Oct 17 05:40:44 CEST 2010
df nogiets
Date: Sun Oct 17 05:40:44 CEST 2010
symbolic-ref HEAD
Date: Sun Oct 17 05:40:44 CEST 2010
rev-parse --is-inside-git-dir
Date: Sun Oct 17 05:40:44 CEST 2010
rev-parse --is-inside-work-tree
Date: Sun Oct 17 05:40:44 CEST 2010
df nogiets
Date: Sun Oct 17 05:40:44 CEST 2010
symbolic-ref HEAD
Date: Sun Oct 17 05:40:44 CEST 2010
rev-parse --is-inside-git-dir
Date: Sun Oct 17 05:40:44 CEST 2010
rev-parse --is-inside-work-tree
Date: Sun Oct 17 05:40:44 CEST 2010
df nogiets
Date: Sun Oct 17 05:40:45 CEST 2010
symbolic-ref HEAD
Date: Sun Oct 17 05:40:45 CEST 2010
rev-parse --is-inside-git-dir
Date: Sun Oct 17 05:40:45 CEST 2010
rev-parse --is-inside-work-tree
Date: Sun Oct 17 05:40:45 CEST 2010
df nogiets
Date: Sun Oct 17 05:40:45 CEST 2010
symbolic-ref HEAD
Date: Sun Oct 17 05:40:45 CEST 2010
rev-parse --is-inside-git-dir
Date: Sun Oct 17 05:40:45 CEST 2010
rev-parse --is-inside-work-tree
Date: Sun Oct 17 05:40:45 CEST 2010
df nogiets
Date: Sun Oct 17 05:40:45 CEST 2010
symbolic-ref HEAD
Date: Sun Oct 17 05:40:45 CEST 2010
rev-parse --is-inside-git-dir
Date: Sun Oct 17 05:40:45 CEST 2010
rev-parse --is-inside-work-tree
Date: Sun Oct 17 05:40:45 CEST 2010
df nogiets
Date: Sun Oct 17 05:40:45 CEST 2010
symbolic-ref HEAD
Date: Sun Oct 17 05:40:45 CEST 2010
rev-parse --is-inside-git-dir
Date: Sun Oct 17 05:40:45 CEST 2010
rev-parse --is-inside-work-tree
Date: Sun Oct 17 05:40:45 CEST 2010
df nogiets
Date: Sun Oct 17 05:40:46 CEST 2010
symbolic-ref HEAD
Date: Sun Oct 17 05:40:46 CEST 2010
rev-parse --is-inside-git-dir
Date: Sun Oct 17 05:40:46 CEST 2010
rev-parse --is-inside-work-tree
Date: Sun Oct 17 05:40:46 CEST 2010
df nogiets
Date: Sun Oct 17 05:40:46 CEST 2010
symbolic-ref HEAD
Date: Sun Oct 17 05:40:46 CEST 2010
rev-parse --is-inside-git-dir
Date: Sun Oct 17 05:40:46 CEST 2010
rev-parse --is-inside-work-tree
Date: Sun Oct 17 05:40:46 CEST 2010
st
Date: Sun Oct 17 05:40:47 CEST 2010
symbolic-ref HEAD
Date: Sun Oct 17 05:40:47 CEST 2010
rev-parse --is-inside-git-dir
Date: Sun Oct 17 05:40:47 CEST 2010
rev-parse --is-inside-work-tree
Date: Sun Oct 17 05:40:47 CEST 2010
add 0001-jfdksl.patch
Date: Sun Oct 17 05:40:49 CEST 2010
symbolic-ref HEAD
Date: Sun Oct 17 05:40:52 CEST 2010
rev-parse --is-inside-git-dir
Date: Sun Oct 17 05:40:52 CEST 2010
rev-parse --is-inside-work-tree
Date: Sun Oct 17 05:40:52 CEST 2010
--git-dir=.git config --get alias.df
Date: Sun Oct 17 05:40:54 CEST 2010
df --cached
Date: Sun Oct 17 05:40:54 CEST 2010
symbolic-ref HEAD
Date: Sun Oct 17 05:40:54 CEST 2010
rev-parse --is-inside-git-dir
Date: Sun Oct 17 05:40:54 CEST 2010
rev-parse --is-inside-work-tree
Date: Sun Oct 17 05:40:54 CEST 2010
symbolic-ref HEAD
Date: Sun Oct 17 05:40:55 CEST 2010
rev-parse --is-inside-git-dir
Date: Sun Oct 17 05:40:55 CEST 2010
rev-parse --is-inside-work-tree
Date: Sun Oct 17 05:40:55 CEST 2010
df --cached
Date: Sun Oct 17 05:40:56 CEST 2010
symbolic-ref HEAD
Date: Sun Oct 17 05:40:56 CEST 2010
rev-parse --is-inside-git-dir
Date: Sun Oct 17 05:40:56 CEST 2010
rev-parse --is-inside-work-tree
Date: Sun Oct 17 05:40:56 CEST 2010
df --cached
Date: Sun Oct 17 05:40:56 CEST 2010
symbolic-ref HEAD
Date: Sun Oct 17 05:40:56 CEST 2010
rev-parse --is-inside-git-dir
Date: Sun Oct 17 05:40:56 CEST 2010
rev-parse --is-inside-work-tree
Date: Sun Oct 17 05:40:56 CEST 2010
df --cached
Date: Sun Oct 17 05:40:56 CEST 2010
symbolic-ref HEAD
Date: Sun Oct 17 05:40:56 CEST 2010
rev-parse --is-inside-git-dir
Date: Sun Oct 17 05:40:56 CEST 2010
rev-parse --is-inside-work-tree
Date: Sun Oct 17 05:40:56 CEST 2010
df --cached
Date: Sun Oct 17 05:40:57 CEST 2010
symbolic-ref HEAD
Date: Sun Oct 17 05:40:57 CEST 2010
rev-parse --is-inside-git-dir
Date: Sun Oct 17 05:40:57 CEST 2010
rev-parse --is-inside-work-tree
Date: Sun Oct 17 05:40:57 CEST 2010
df --cached
Date: Sun Oct 17 05:40:57 CEST 2010
symbolic-ref HEAD
Date: Sun Oct 17 05:40:57 CEST 2010
rev-parse --is-inside-git-dir
Date: Sun Oct 17 05:40:57 CEST 2010
rev-parse --is-inside-work-tree
Date: Sun Oct 17 05:40:57 CEST 2010
df --cached
Date: Sun Oct 17 05:40:57 CEST 2010
symbolic-ref HEAD
Date: Sun Oct 17 05:40:57 CEST 2010
rev-parse --is-inside-git-dir
Date: Sun Oct 17 05:40:57 CEST 2010
rev-parse --is-inside-work-tree
Date: Sun Oct 17 05:40:57 CEST 2010
df --cached
Date: Sun Oct 17 05:40:57 CEST 2010
symbolic-ref HEAD
Date: Sun Oct 17 05:40:57 CEST 2010
rev-parse --is-inside-git-dir
Date: Sun Oct 17 05:40:57 CEST 2010
rev-parse --is-inside-work-tree
Date: Sun Oct 17 05:40:57 CEST 2010
df --cached
Date: Sun Oct 17 05:40:58 CEST 2010
symbolic-ref HEAD
Date: Sun Oct 17 05:40:58 CEST 2010
rev-parse --is-inside-git-dir
Date: Sun Oct 17 05:40:58 CEST 2010
rev-parse --is-inside-work-tree
Date: Sun Oct 17 05:40:58 CEST 2010
df --cached
Date: Sun Oct 17 05:40:58 CEST 2010
symbolic-ref HEAD
Date: Sun Oct 17 05:40:58 CEST 2010
rev-parse --is-inside-git-dir
Date: Sun Oct 17 05:40:58 CEST 2010
rev-parse --is-inside-work-tree
Date: Sun Oct 17 05:40:58 CEST 2010
df --cached
Date: Sun Oct 17 05:40:58 CEST 2010
symbolic-ref HEAD
Date: Sun Oct 17 05:40:58 CEST 2010
rev-parse --is-inside-git-dir
Date: Sun Oct 17 05:40:58 CEST 2010
rev-parse --is-inside-work-tree
Date: Sun Oct 17 05:40:58 CEST 2010
df --cached
Date: Sun Oct 17 05:40:58 CEST 2010
symbolic-ref HEAD
Date: Sun Oct 17 05:40:58 CEST 2010
rev-parse --is-inside-git-dir
Date: Sun Oct 17 05:40:58 CEST 2010
rev-parse --is-inside-work-tree
Date: Sun Oct 17 05:40:58 CEST 2010
df --cached
Date: Sun Oct 17 05:40:59 CEST 2010
symbolic-ref HEAD
Date: Sun Oct 17 05:40:59 CEST 2010
rev-parse --is-inside-git-dir
Date: Sun Oct 17 05:40:59 CEST 2010
rev-parse --is-inside-work-tree
Date: Sun Oct 17 05:40:59 CEST 2010
df --cached
Date: Sun Oct 17 05:40:59 CEST 2010
symbolic-ref HEAD
Date: Sun Oct 17 05:40:59 CEST 2010
rev-parse --is-inside-git-dir
Date: Sun Oct 17 05:40:59 CEST 2010
rev-parse --is-inside-work-tree
Date: Sun Oct 17 05:40:59 CEST 2010
df --cached
Date: Sun Oct 17 05:40:59 CEST 2010
symbolic-ref HEAD
Date: Sun Oct 17 05:40:59 CEST 2010
rev-parse --is-inside-git-dir
Date: Sun Oct 17 05:40:59 CEST 2010
rev-parse --is-inside-work-tree
Date: Sun Oct 17 05:40:59 CEST 2010
symbolic-ref HEAD
Date: Sun Oct 17 05:41:00 CEST 2010
rev-parse --is-inside-git-dir
Date: Sun Oct 17 05:41:00 CEST 2010
rev-parse --is-inside-work-tree
Date: Sun Oct 17 05:41:00 CEST 2010
rev-parse --git-dir
Date: Sun Oct 17 05:41:24 CEST 2010
symbolic-ref HEAD
Date: Sun Oct 17 05:41:24 CEST 2010
rev-parse --is-inside-git-dir
Date: Sun Oct 17 05:41:24 CEST 2010
rev-parse --is-inside-work-tree
Date: Sun Oct 17 05:41:24 CEST 2010
symbolic-ref HEAD
Date: Sun Oct 17 05:41:26 CEST 2010
rev-parse --is-inside-git-dir
Date: Sun Oct 17 05:41:26 CEST 2010
rev-parse --is-inside-work-tree
Date: Sun Oct 17 05:41:26 CEST 2010
st
Date: Sun Oct 17 05:41:26 CEST 2010
symbolic-ref HEAD
Date: Sun Oct 17 05:41:26 CEST 2010
rev-parse --is-inside-git-dir
Date: Sun Oct 17 05:41:26 CEST 2010
rev-parse --is-inside-work-tree
Date: Sun Oct 17 05:41:26 CEST 2010
symbolic-ref HEAD
Date: Sun Oct 17 05:41:31 CEST 2010
rev-parse --is-inside-git-dir
Date: Sun Oct 17 05:41:31 CEST 2010
rev-parse --is-inside-work-tree
Date: Sun Oct 17 05:41:31 CEST 2010
symbolic-ref HEAD
Date: Sun Oct 17 05:41:34 CEST 2010
rev-parse --is-inside-git-dir
Date: Sun Oct 17 05:41:34 CEST 2010
rev-parse --is-inside-work-tree
Date: Sun Oct 17 05:41:34 CEST 2010
symbolic-ref HEAD
Date: Sun Oct 17 05:41:35 CEST 2010
rev-parse --is-inside-git-dir
Date: Sun Oct 17 05:41:35 CEST 2010
rev-parse --is-inside-work-tree
Date: Sun Oct 17 05:41:35 CEST 2010
symbolic-ref HEAD
Date: Sun Oct 17 05:41:40 CEST 2010
rev-parse --is-inside-git-dir
Date: Sun Oct 17 05:41:40 CEST 2010
rev-parse --is-inside-work-tree
Date: Sun Oct 17 05:41:40 CEST 2010
rm -r test/
Date: Sun Oct 17 05:41:51 CEST 2010
symbolic-ref HEAD
Date: Sun Oct 17 05:41:51 CEST 2010
rev-parse --is-inside-git-dir
Date: Sun Oct 17 05:41:51 CEST 2010
rev-parse --is-inside-work-tree
Date: Sun Oct 17 05:41:51 CEST 2010
st
Date: Sun Oct 17 05:41:52 CEST 2010
symbolic-ref HEAD
Date: Sun Oct 17 05:41:52 CEST 2010
rev-parse --is-inside-git-dir
Date: Sun Oct 17 05:41:52 CEST 2010
rev-parse --is-inside-work-tree
Date: Sun Oct 17 05:41:52 CEST 2010
ci
Date: Sun Oct 17 05:42:03 CEST 2010
symbolic-ref HEAD
Date: Sun Oct 17 05:42:03 CEST 2010
rev-parse --is-inside-git-dir
Date: Sun Oct 17 05:42:03 CEST 2010
rev-parse --is-inside-work-tree
Date: Sun Oct 17 05:42:03 CEST 2010
st
Date: Sun Oct 17 05:42:05 CEST 2010
symbolic-ref HEAD
Date: Sun Oct 17 05:42:05 CEST 2010
rev-parse --is-inside-git-dir
Date: Sun Oct 17 05:42:05 CEST 2010
rev-parse --is-inside-work-tree
Date: Sun Oct 17 05:42:05 CEST 2010
push
Date: Sun Oct 17 05:42:08 CEST 2010
symbolic-ref HEAD
Date: Sun Oct 17 05:42:11 CEST 2010
rev-parse --is-inside-git-dir
Date: Sun Oct 17 05:42:11 CEST 2010
rev-parse --is-inside-work-tree
Date: Sun Oct 17 05:42:11 CEST 2010
st
Date: Sun Oct 17 05:42:17 CEST 2010
symbolic-ref HEAD
Date: Sun Oct 17 05:42:17 CEST 2010
rev-parse --is-inside-git-dir
Date: Sun Oct 17 05:42:17 CEST 2010
rev-parse --is-inside-work-tree
Date: Sun Oct 17 05:42:17 CEST 2010
symbolic-ref HEAD
Date: Sun Oct 17 05:43:26 CEST 2010
rev-parse --is-inside-git-dir
Date: Sun Oct 17 05:43:26 CEST 2010
rev-parse --is-inside-work-tree
Date: Sun Oct 17 05:43:26 CEST 2010
symbolic-ref HEAD
Date: Sun Oct 17 05:43:26 CEST 2010
rev-parse --is-inside-git-dir
Date: Sun Oct 17 05:43:26 CEST 2010
rev-parse --is-inside-work-tree
Date: Sun Oct 17 05:43:26 CEST 2010
rev-parse --git-dir
Date: Sun Oct 17 05:43:32 CEST 2010
symbolic-ref HEAD
Date: Sun Oct 17 05:43:32 CEST 2010
rev-parse --is-inside-git-dir
Date: Sun Oct 17 05:43:32 CEST 2010
rev-parse --is-inside-work-tree
Date: Sun Oct 17 05:43:32 CEST 2010
rev-parse --git-dir
Date: Sun Oct 17 05:43:34 CEST 2010
symbolic-ref HEAD
Date: Sun Oct 17 05:43:34 CEST 2010
rev-parse --is-inside-git-dir
Date: Sun Oct 17 05:43:34 CEST 2010
rev-parse --is-inside-work-tree
Date: Sun Oct 17 05:43:34 CEST 2010
rev-parse --git-dir
Date: Sun Oct 17 05:44:42 CEST 2010
symbolic-ref HEAD
Date: Sun Oct 17 05:44:42 CEST 2010
rev-parse --is-inside-git-dir
Date: Sun Oct 17 05:44:42 CEST 2010
rev-parse --is-inside-work-tree
Date: Sun Oct 17 05:44:42 CEST 2010
rev-parse --git-dir
Date: Sun Oct 17 05:44:47 CEST 2010
symbolic-ref HEAD
Date: Sun Oct 17 05:44:47 CEST 2010
rev-parse --is-inside-git-dir
Date: Sun Oct 17 05:44:47 CEST 2010
rev-parse --is-inside-work-tree
Date: Sun Oct 17 05:44:47 CEST 2010
rev-parse --git-dir
Date: Sun Oct 17 05:44:49 CEST 2010
symbolic-ref HEAD
Date: Sun Oct 17 05:44:49 CEST 2010
rev-parse --is-inside-git-dir
Date: Sun Oct 17 05:44:49 CEST 2010
rev-parse --is-inside-work-tree
Date: Sun Oct 17 05:44:49 CEST 2010
rev-parse --git-dir
Date: Sun Oct 17 05:45:09 CEST 2010
symbolic-ref HEAD
Date: Sun Oct 17 05:45:09 CEST 2010
rev-parse --is-inside-git-dir
Date: Sun Oct 17 05:45:09 CEST 2010
rev-parse --is-inside-work-tree
Date: Sun Oct 17 05:45:09 CEST 2010
rev-parse --git-dir
Date: Sun Oct 17 06:07:58 CEST 2010
symbolic-ref HEAD
Date: Sun Oct 17 06:07:58 CEST 2010
rev-parse --is-inside-git-dir
Date: Sun Oct 17 06:07:58 CEST 2010
rev-parse --is-inside-work-tree
Date: Sun Oct 17 06:07:58 CEST 2010
mv architecture_lessons.tex architecture_drivers.tex
Date: Sun Oct 17 06:08:07 CEST 2010
rev-parse --git-dir
Date: Sun Oct 17 06:08:07 CEST 2010
symbolic-ref HEAD
Date: Sun Oct 17 06:08:07 CEST 2010
rev-parse --is-inside-git-dir
Date: Sun Oct 17 06:08:07 CEST 2010
rev-parse --is-inside-work-tree
Date: Sun Oct 17 06:08:07 CEST 2010
rev-parse --git-dir
Date: Sun Oct 17 06:12:23 CEST 2010
symbolic-ref HEAD
Date: Sun Oct 17 06:12:23 CEST 2010
rev-parse --is-inside-git-dir
Date: Sun Oct 17 06:12:23 CEST 2010
rev-parse --is-inside-work-tree
Date: Sun Oct 17 06:12:23 CEST 2010
rev-parse --git-dir
Date: Sun Oct 17 06:18:06 CEST 2010
symbolic-ref HEAD
Date: Sun Oct 17 06:18:06 CEST 2010
rev-parse --is-inside-git-dir
Date: Sun Oct 17 06:18:06 CEST 2010
rev-parse --is-inside-work-tree
Date: Sun Oct 17 06:18:06 CEST 2010
rev-parse --git-dir
Date: Sun Oct 17 06:23:34 CEST 2010
symbolic-ref HEAD
Date: Sun Oct 17 06:23:34 CEST 2010
rev-parse --is-inside-git-dir
Date: Sun Oct 17 06:23:34 CEST 2010
rev-parse --is-inside-work-tree
Date: Sun Oct 17 06:23:34 CEST 2010
rev-parse --git-dir
Date: Sun Oct 17 06:26:17 CEST 2010
symbolic-ref HEAD
Date: Sun Oct 17 06:26:17 CEST 2010
rev-parse --is-inside-git-dir
Date: Sun Oct 17 06:26:17 CEST 2010
rev-parse --is-inside-work-tree
Date: Sun Oct 17 06:26:17 CEST 2010
rev-parse --git-dir
Date: Sun Oct 17 06:40:31 CEST 2010
symbolic-ref HEAD
Date: Sun Oct 17 06:40:31 CEST 2010
rev-parse --is-inside-git-dir
Date: Sun Oct 17 06:40:31 CEST 2010
rev-parse --is-inside-work-tree
Date: Sun Oct 17 06:40:31 CEST 2010
rev-parse --git-dir
Date: Sun Oct 17 06:40:31 CEST 2010
symbolic-ref HEAD
Date: Sun Oct 17 06:40:31 CEST 2010
rev-parse --is-inside-git-dir
Date: Sun Oct 17 06:40:31 CEST 2010
rev-parse --is-inside-work-tree
Date: Sun Oct 17 06:40:31 CEST 2010
symbolic-ref HEAD
Date: Sun Oct 17 12:24:01 CEST 2010
rev-parse --is-inside-git-dir
Date: Sun Oct 17 12:24:01 CEST 2010
rev-parse --is-inside-work-tree
Date: Sun Oct 17 12:24:01 CEST 2010
symbolic-ref HEAD
Date: Sun Oct 17 12:25:05 CEST 2010
rev-parse --is-inside-git-dir
Date: Sun Oct 17 12:25:05 CEST 2010
rev-parse --is-inside-work-tree
Date: Sun Oct 17 12:25:05 CEST 2010
symbolic-ref HEAD
Date: Sun Oct 17 12:25:27 CEST 2010
rev-parse --is-inside-git-dir
Date: Sun Oct 17 12:25:27 CEST 2010
rev-parse --is-inside-work-tree
Date: Sun Oct 17 12:25:27 CEST 2010
symbolic-ref HEAD
Date: Sun Oct 17 12:25:34 CEST 2010
rev-parse --is-inside-git-dir
Date: Sun Oct 17 12:25:34 CEST 2010
rev-parse --is-inside-work-tree
Date: Sun Oct 17 12:25:34 CEST 2010
symbolic-ref HEAD
Date: Sun Oct 17 12:37:04 CEST 2010
rev-parse --is-inside-git-dir
Date: Sun Oct 17 12:37:04 CEST 2010
rev-parse --is-inside-work-tree
Date: Sun Oct 17 12:37:04 CEST 2010
symbolic-ref HEAD
Date: Sun Oct 17 12:50:35 CEST 2010
rev-parse --is-inside-git-dir
Date: Sun Oct 17 12:50:35 CEST 2010
rev-parse --is-inside-work-tree
Date: Sun Oct 17 12:50:35 CEST 2010
symbolic-ref HEAD
Date: Sun Oct 17 12:50:40 CEST 2010
rev-parse --is-inside-git-dir
Date: Sun Oct 17 12:50:40 CEST 2010
rev-parse --is-inside-work-tree
Date: Sun Oct 17 12:50:40 CEST 2010
st
Date: Sun Oct 17 12:50:41 CEST 2010
symbolic-ref HEAD
Date: Sun Oct 17 12:50:41 CEST 2010
rev-parse --is-inside-git-dir
Date: Sun Oct 17 12:50:41 CEST 2010
rev-parse --is-inside-work-tree
Date: Sun Oct 17 12:50:41 CEST 2010
add Assignment 4/
Date: Sun Oct 17 12:50:48 CEST 2010
symbolic-ref HEAD
Date: Sun Oct 17 12:50:48 CEST 2010
rev-parse --is-inside-git-dir
Date: Sun Oct 17 12:50:48 CEST 2010
rev-parse --is-inside-work-tree
Date: Sun Oct 17 12:50:48 CEST 2010
st
Date: Sun Oct 17 12:50:50 CEST 2010
symbolic-ref HEAD
Date: Sun Oct 17 12:50:50 CEST 2010
rev-parse --is-inside-git-dir
Date: Sun Oct 17 12:50:50 CEST 2010
rev-parse --is-inside-work-tree
Date: Sun Oct 17 12:50:50 CEST 2010
ci
Date: Sun Oct 17 12:51:00 CEST 2010
symbolic-ref HEAD
Date: Sun Oct 17 12:51:02 CEST 2010
rev-parse --is-inside-git-dir
Date: Sun Oct 17 12:51:02 CEST 2010
rev-parse --is-inside-work-tree
Date: Sun Oct 17 12:51:02 CEST 2010
push
Date: Sun Oct 17 12:51:03 CEST 2010
symbolic-ref HEAD
Date: Sun Oct 17 12:51:03 CEST 2010
rev-parse --is-inside-git-dir
Date: Sun Oct 17 12:51:03 CEST 2010
rev-parse --is-inside-work-tree
Date: Sun Oct 17 12:51:03 CEST 2010
rev-parse --git-dir
Date: Sun Oct 17 15:51:21 CEST 2010
symbolic-ref HEAD
Date: Sun Oct 17 15:51:21 CEST 2010
rev-parse --is-inside-git-dir
Date: Sun Oct 17 15:51:21 CEST 2010
rev-parse --is-inside-work-tree
Date: Sun Oct 17 15:51:21 CEST 2010
rev-parse --git-dir
Date: Sun Oct 17 15:51:25 CEST 2010
symbolic-ref HEAD
Date: Sun Oct 17 15:51:26 CEST 2010
rev-parse --is-inside-git-dir
Date: Sun Oct 17 15:51:26 CEST 2010
rev-parse --is-inside-work-tree
Date: Sun Oct 17 15:51:26 CEST 2010
rev-parse --git-dir
Date: Sun Oct 17 16:08:06 CEST 2010
symbolic-ref HEAD
Date: Sun Oct 17 16:08:06 CEST 2010
rev-parse --is-inside-git-dir
Date: Sun Oct 17 16:08:06 CEST 2010
rev-parse --is-inside-work-tree
Date: Sun Oct 17 16:08:06 CEST 2010
rev-parse --git-dir
Date: Sun Oct 17 16:08:08 CEST 2010
symbolic-ref HEAD
Date: Sun Oct 17 16:08:08 CEST 2010
rev-parse --is-inside-git-dir
Date: Sun Oct 17 16:08:08 CEST 2010
rev-parse --is-inside-work-tree
Date: Sun Oct 17 16:08:08 CEST 2010
st
Date: Sun Oct 17 16:08:09 CEST 2010
rev-parse --git-dir
Date: Sun Oct 17 16:08:09 CEST 2010
symbolic-ref HEAD
Date: Sun Oct 17 16:08:09 CEST 2010
rev-parse --is-inside-git-dir
Date: Sun Oct 17 16:08:09 CEST 2010
rev-parse --is-inside-work-tree
Date: Sun Oct 17 16:08:09 CEST 2010
rev-parse --git-dir
Date: Sun Oct 17 16:08:19 CEST 2010
symbolic-ref HEAD
Date: Sun Oct 17 16:08:19 CEST 2010
rev-parse --is-inside-git-dir
Date: Sun Oct 17 16:08:19 CEST 2010
rev-parse --is-inside-work-tree
Date: Sun Oct 17 16:08:19 CEST 2010
rev-parse --git-dir
Date: Sun Oct 17 16:08:21 CEST 2010
symbolic-ref HEAD
Date: Sun Oct 17 16:08:21 CEST 2010
rev-parse --is-inside-git-dir
Date: Sun Oct 17 16:08:21 CEST 2010
rev-parse --is-inside-work-tree
Date: Sun Oct 17 16:08:21 CEST 2010
st
Date: Sun Oct 17 16:08:21 CEST 2010
rev-parse --git-dir
Date: Sun Oct 17 16:08:21 CEST 2010
symbolic-ref HEAD
Date: Sun Oct 17 16:08:22 CEST 2010
rev-parse --is-inside-git-dir
Date: Sun Oct 17 16:08:22 CEST 2010
rev-parse --is-inside-work-tree
Date: Sun Oct 17 16:08:22 CEST 2010
st
Date: Sun Oct 17 16:29:05 CEST 2010
rev-parse --git-dir
Date: Sun Oct 17 16:29:05 CEST 2010
symbolic-ref HEAD
Date: Sun Oct 17 16:29:05 CEST 2010
rev-parse --is-inside-git-dir
Date: Sun Oct 17 16:29:05 CEST 2010
rev-parse --is-inside-work-tree
Date: Sun Oct 17 16:29:05 CEST 2010
rev-parse --git-dir
Date: Sun Oct 17 16:46:22 CEST 2010
symbolic-ref HEAD
Date: Sun Oct 17 16:46:22 CEST 2010
rev-parse --is-inside-git-dir
Date: Sun Oct 17 16:46:22 CEST 2010
rev-parse --is-inside-work-tree
Date: Sun Oct 17 16:46:22 CEST 2010
symbolic-ref HEAD
Date: Sun Oct 17 16:58:12 CEST 2010
rev-parse --is-inside-git-dir
Date: Sun Oct 17 16:58:12 CEST 2010
rev-parse --is-inside-work-tree
Date: Sun Oct 17 16:58:12 CEST 2010
rev-parse --git-dir
Date: Sun Oct 17 16:58:16 CEST 2010
symbolic-ref HEAD
Date: Sun Oct 17 16:58:16 CEST 2010
rev-parse --is-inside-git-dir
Date: Sun Oct 17 16:58:16 CEST 2010
rev-parse --is-inside-work-tree
Date: Sun Oct 17 16:58:16 CEST 2010
pull
Date: Sun Oct 17 16:58:19 CEST 2010
rev-parse --git-dir
Date: Sun Oct 17 16:58:19 CEST 2010
symbolic-ref HEAD
Date: Sun Oct 17 16:58:19 CEST 2010
rev-parse --is-inside-git-dir
Date: Sun Oct 17 16:58:19 CEST 2010
rev-parse --is-inside-work-tree
Date: Sun Oct 17 16:58:19 CEST 2010
rev-parse --git-dir
Date: Sun Oct 17 16:58:26 CEST 2010
symbolic-ref HEAD
Date: Sun Oct 17 16:58:26 CEST 2010
rev-parse --is-inside-git-dir
Date: Sun Oct 17 16:58:26 CEST 2010
rev-parse --is-inside-work-tree
Date: Sun Oct 17 16:58:26 CEST 2010
symbolic-ref HEAD
Date: Sun Oct 17 16:58:28 CEST 2010
rev-parse --is-inside-git-dir
Date: Sun Oct 17 16:58:28 CEST 2010
rev-parse --is-inside-work-tree
Date: Sun Oct 17 16:58:28 CEST 2010
rev-parse --git-dir
Date: Sun Oct 17 16:58:29 CEST 2010
symbolic-ref HEAD
Date: Sun Oct 17 16:58:29 CEST 2010
rev-parse --is-inside-git-dir
Date: Sun Oct 17 16:58:30 CEST 2010
rev-parse --is-inside-work-tree
Date: Sun Oct 17 16:58:30 CEST 2010
pull
Date: Sun Oct 17 16:58:31 CEST 2010
rev-parse --git-dir
Date: Sun Oct 17 16:58:31 CEST 2010
symbolic-ref HEAD
Date: Sun Oct 17 16:58:31 CEST 2010
rev-parse --is-inside-git-dir
Date: Sun Oct 17 16:58:31 CEST 2010
rev-parse --is-inside-work-tree
Date: Sun Oct 17 16:58:31 CEST 2010
rev-parse --git-dir
Date: Sun Oct 17 16:58:34 CEST 2010
symbolic-ref HEAD
Date: Sun Oct 17 16:58:34 CEST 2010
rev-parse --is-inside-git-dir
Date: Sun Oct 17 16:58:34 CEST 2010
rev-parse --is-inside-work-tree
Date: Sun Oct 17 16:58:34 CEST 2010
rev-parse --git-dir
Date: Sun Oct 17 17:05:33 CEST 2010
symbolic-ref HEAD
Date: Sun Oct 17 17:05:33 CEST 2010
rev-parse --is-inside-git-dir
Date: Sun Oct 17 17:05:33 CEST 2010
rev-parse --is-inside-work-tree
Date: Sun Oct 17 17:05:33 CEST 2010
symbolic-ref HEAD
Date: Sun Oct 17 17:05:35 CEST 2010
rev-parse --is-inside-git-dir
Date: Sun Oct 17 17:05:35 CEST 2010
rev-parse --is-inside-work-tree
Date: Sun Oct 17 17:05:35 CEST 2010
symbolic-ref HEAD
Date: Sun Oct 17 17:06:06 CEST 2010
rev-parse --is-inside-git-dir
Date: Sun Oct 17 17:06:06 CEST 2010
rev-parse --is-inside-work-tree
Date: Sun Oct 17 17:06:06 CEST 2010
symbolic-ref HEAD
Date: Sun Oct 17 17:08:22 CEST 2010
rev-parse --is-inside-git-dir
Date: Sun Oct 17 17:08:22 CEST 2010
rev-parse --is-inside-work-tree
Date: Sun Oct 17 17:08:22 CEST 2010
symbolic-ref HEAD
Date: Sun Oct 17 17:08:26 CEST 2010
rev-parse --is-inside-git-dir
Date: Sun Oct 17 17:08:26 CEST 2010
rev-parse --is-inside-work-tree
Date: Sun Oct 17 17:08:27 CEST 2010
pull
Date: Sun Oct 17 17:08:30 CEST 2010
symbolic-ref HEAD
Date: Sun Oct 17 17:08:30 CEST 2010
rev-parse --is-inside-git-dir
Date: Sun Oct 17 17:08:30 CEST 2010
rev-parse --is-inside-work-tree
Date: Sun Oct 17 17:08:30 CEST 2010
symbolic-ref HEAD
Date: Sun Oct 17 17:08:34 CEST 2010
rev-parse --is-inside-git-dir
Date: Sun Oct 17 17:08:34 CEST 2010
rev-parse --is-inside-work-tree
Date: Sun Oct 17 17:08:34 CEST 2010
symbolic-ref HEAD
Date: Sun Oct 17 17:09:53 CEST 2010
rev-parse --is-inside-git-dir
Date: Sun Oct 17 17:09:53 CEST 2010
rev-parse --is-inside-work-tree
Date: Sun Oct 17 17:09:53 CEST 2010
symbolic-ref HEAD
Date: Sun Oct 17 17:12:44 CEST 2010
rev-parse --is-inside-git-dir
Date: Sun Oct 17 17:12:44 CEST 2010
rev-parse --is-inside-work-tree
Date: Sun Oct 17 17:12:44 CEST 2010
symbolic-ref HEAD
Date: Sun Oct 17 17:12:53 CEST 2010
rev-parse --is-inside-git-dir
Date: Sun Oct 17 17:12:53 CEST 2010
rev-parse --is-inside-work-tree
Date: Sun Oct 17 17:12:53 CEST 2010
rev-parse --git-dir
Date: Sun Oct 17 17:37:55 CEST 2010
symbolic-ref HEAD
Date: Sun Oct 17 17:37:55 CEST 2010
rev-parse --is-inside-git-dir
Date: Sun Oct 17 17:37:55 CEST 2010
rev-parse --is-inside-work-tree
Date: Sun Oct 17 17:37:55 CEST 2010
rev-parse --git-dir
Date: Sun Oct 17 17:37:59 CEST 2010
symbolic-ref HEAD
Date: Sun Oct 17 17:37:59 CEST 2010
rev-parse --is-inside-git-dir
Date: Sun Oct 17 17:37:59 CEST 2010
rev-parse --is-inside-work-tree
Date: Sun Oct 17 17:37:59 CEST 2010
rev-parse --git-dir
Date: Sun Oct 17 17:38:37 CEST 2010
symbolic-ref HEAD
Date: Sun Oct 17 17:38:37 CEST 2010
rev-parse --is-inside-git-dir
Date: Sun Oct 17 17:38:37 CEST 2010
rev-parse --is-inside-work-tree
Date: Sun Oct 17 17:38:37 CEST 2010
rev-parse --git-dir
Date: Sun Oct 17 17:39:59 CEST 2010
symbolic-ref HEAD
Date: Sun Oct 17 17:39:59 CEST 2010
rev-parse --is-inside-git-dir
Date: Sun Oct 17 17:39:59 CEST 2010
rev-parse --is-inside-work-tree
Date: Sun Oct 17 17:39:59 CEST 2010
rev-parse --git-dir
Date: Sun Oct 17 17:40:45 CEST 2010
symbolic-ref HEAD
Date: Sun Oct 17 17:40:45 CEST 2010
rev-parse --is-inside-git-dir
Date: Sun Oct 17 17:40:45 CEST 2010
rev-parse --is-inside-work-tree
Date: Sun Oct 17 17:40:45 CEST 2010
rev-parse --git-dir
Date: Sun Oct 17 17:40:59 CEST 2010
symbolic-ref HEAD
Date: Sun Oct 17 17:40:59 CEST 2010
rev-parse --is-inside-git-dir
Date: Sun Oct 17 17:40:59 CEST 2010
rev-parse --is-inside-work-tree
Date: Sun Oct 17 17:40:59 CEST 2010
rev-parse --git-dir
Date: Sun Oct 17 17:41:10 CEST 2010
symbolic-ref HEAD
Date: Sun Oct 17 17:41:10 CEST 2010
rev-parse --is-inside-git-dir
Date: Sun Oct 17 17:41:10 CEST 2010
rev-parse --is-inside-work-tree
Date: Sun Oct 17 17:41:10 CEST 2010
rev-parse --git-dir
Date: Sun Oct 17 17:41:19 CEST 2010
symbolic-ref HEAD
Date: Sun Oct 17 17:41:19 CEST 2010
rev-parse --is-inside-git-dir
Date: Sun Oct 17 17:41:19 CEST 2010
rev-parse --is-inside-work-tree
Date: Sun Oct 17 17:41:19 CEST 2010
rev-parse --git-dir
Date: Sun Oct 17 17:41:36 CEST 2010
symbolic-ref HEAD
Date: Sun Oct 17 17:41:36 CEST 2010
rev-parse --is-inside-git-dir
Date: Sun Oct 17 17:41:36 CEST 2010
rev-parse --is-inside-work-tree
Date: Sun Oct 17 17:41:36 CEST 2010
rev-parse --git-dir
Date: Sun Oct 17 17:42:04 CEST 2010
symbolic-ref HEAD
Date: Sun Oct 17 17:42:04 CEST 2010
rev-parse --is-inside-git-dir
Date: Sun Oct 17 17:42:04 CEST 2010
rev-parse --is-inside-work-tree
Date: Sun Oct 17 17:42:04 CEST 2010
rev-parse --git-dir
Date: Sun Oct 17 17:42:28 CEST 2010
symbolic-ref HEAD
Date: Sun Oct 17 17:42:28 CEST 2010
rev-parse --is-inside-git-dir
Date: Sun Oct 17 17:42:28 CEST 2010
rev-parse --is-inside-work-tree
Date: Sun Oct 17 17:42:28 CEST 2010
rev-parse --git-dir
Date: Sun Oct 17 17:43:16 CEST 2010
symbolic-ref HEAD
Date: Sun Oct 17 17:43:16 CEST 2010
rev-parse --is-inside-git-dir
Date: Sun Oct 17 17:43:16 CEST 2010
rev-parse --is-inside-work-tree
Date: Sun Oct 17 17:43:16 CEST 2010
rev-parse --git-dir
Date: Sun Oct 17 17:43:27 CEST 2010
symbolic-ref HEAD
Date: Sun Oct 17 17:43:27 CEST 2010
rev-parse --is-inside-git-dir
Date: Sun Oct 17 17:43:27 CEST 2010
rev-parse --is-inside-work-tree
Date: Sun Oct 17 17:43:27 CEST 2010
rev-parse --git-dir
Date: Sun Oct 17 17:43:39 CEST 2010
symbolic-ref HEAD
Date: Sun Oct 17 17:43:39 CEST 2010
rev-parse --is-inside-git-dir
Date: Sun Oct 17 17:43:39 CEST 2010
rev-parse --is-inside-work-tree
Date: Sun Oct 17 17:43:39 CEST 2010
rev-parse --git-dir
Date: Sun Oct 17 17:45:46 CEST 2010
symbolic-ref HEAD
Date: Sun Oct 17 17:45:46 CEST 2010
rev-parse --is-inside-git-dir
Date: Sun Oct 17 17:45:46 CEST 2010
rev-parse --is-inside-work-tree
Date: Sun Oct 17 17:45:46 CEST 2010
rev-parse --git-dir
Date: Sun Oct 17 17:46:24 CEST 2010
symbolic-ref HEAD
Date: Sun Oct 17 17:46:24 CEST 2010
rev-parse --is-inside-git-dir
Date: Sun Oct 17 17:46:24 CEST 2010
rev-parse --is-inside-work-tree
Date: Sun Oct 17 17:46:24 CEST 2010
rev-parse --git-dir
Date: Sun Oct 17 17:47:36 CEST 2010
symbolic-ref HEAD
Date: Sun Oct 17 17:47:36 CEST 2010
rev-parse --is-inside-git-dir
Date: Sun Oct 17 17:47:36 CEST 2010
rev-parse --is-inside-work-tree
Date: Sun Oct 17 17:47:36 CEST 2010
rev-parse --git-dir
Date: Sun Oct 17 17:48:42 CEST 2010
symbolic-ref HEAD
Date: Sun Oct 17 17:48:42 CEST 2010
rev-parse --is-inside-git-dir
Date: Sun Oct 17 17:48:42 CEST 2010
rev-parse --is-inside-work-tree
Date: Sun Oct 17 17:48:42 CEST 2010
rev-parse --git-dir
Date: Sun Oct 17 17:50:42 CEST 2010
symbolic-ref HEAD
Date: Sun Oct 17 17:50:42 CEST 2010
rev-parse --is-inside-git-dir
Date: Sun Oct 17 17:50:42 CEST 2010
rev-parse --is-inside-work-tree
Date: Sun Oct 17 17:50:42 CEST 2010
rev-parse --git-dir
Date: Sun Oct 17 17:51:20 CEST 2010
symbolic-ref HEAD
Date: Sun Oct 17 17:51:20 CEST 2010
rev-parse --is-inside-git-dir
Date: Sun Oct 17 17:51:20 CEST 2010
rev-parse --is-inside-work-tree
Date: Sun Oct 17 17:51:20 CEST 2010
rev-parse --git-dir
Date: Sun Oct 17 17:51:40 CEST 2010
symbolic-ref HEAD
Date: Sun Oct 17 17:51:40 CEST 2010
rev-parse --is-inside-git-dir
Date: Sun Oct 17 17:51:40 CEST 2010
rev-parse --is-inside-work-tree
Date: Sun Oct 17 17:51:40 CEST 2010
rev-parse --git-dir
Date: Sun Oct 17 17:51:47 CEST 2010
symbolic-ref HEAD
Date: Sun Oct 17 17:51:47 CEST 2010
rev-parse --is-inside-git-dir
Date: Sun Oct 17 17:51:47 CEST 2010
rev-parse --is-inside-work-tree
Date: Sun Oct 17 17:51:47 CEST 2010
rev-parse --git-dir
Date: Sun Oct 17 17:51:56 CEST 2010
symbolic-ref HEAD
Date: Sun Oct 17 17:51:56 CEST 2010
rev-parse --is-inside-git-dir
Date: Sun Oct 17 17:51:56 CEST 2010
rev-parse --is-inside-work-tree
Date: Sun Oct 17 17:51:56 CEST 2010
rev-parse --git-dir
Date: Sun Oct 17 17:52:06 CEST 2010
symbolic-ref HEAD
Date: Sun Oct 17 17:52:06 CEST 2010
rev-parse --is-inside-git-dir
Date: Sun Oct 17 17:52:06 CEST 2010
rev-parse --is-inside-work-tree
Date: Sun Oct 17 17:52:06 CEST 2010
rev-parse --git-dir
Date: Sun Oct 17 17:52:15 CEST 2010
symbolic-ref HEAD
Date: Sun Oct 17 17:52:15 CEST 2010
rev-parse --is-inside-git-dir
Date: Sun Oct 17 17:52:15 CEST 2010
rev-parse --is-inside-work-tree
Date: Sun Oct 17 17:52:15 CEST 2010
rev-parse --git-dir
Date: Sun Oct 17 17:52:28 CEST 2010
symbolic-ref HEAD
Date: Sun Oct 17 17:52:28 CEST 2010
rev-parse --is-inside-git-dir
Date: Sun Oct 17 17:52:28 CEST 2010
rev-parse --is-inside-work-tree
Date: Sun Oct 17 17:52:28 CEST 2010
st
Date: Sun Oct 17 17:52:30 CEST 2010
rev-parse --git-dir
Date: Sun Oct 17 17:52:30 CEST 2010
symbolic-ref HEAD
Date: Sun Oct 17 17:52:30 CEST 2010
rev-parse --is-inside-git-dir
Date: Sun Oct 17 17:52:30 CEST 2010
rev-parse --is-inside-work-tree
Date: Sun Oct 17 17:52:30 CEST 2010
rev-parse --git-dir
Date: Sun Oct 17 17:52:37 CEST 2010
--git-dir=/home/willem/Documents/Studie/Master Software Engineering/Software Architecture/willem/.git config --get alias.df
Date: Sun Oct 17 17:52:37 CEST 2010
rev-parse --git-dir
Date: Sun Oct 17 17:52:37 CEST 2010
--git-dir=/home/willem/Documents/Studie/Master Software Engineering/Software Architecture/willem/.git for-each-ref --format=%(refname:short) refs/tags refs/heads refs/remotes
Date: Sun Oct 17 17:52:37 CEST 2010
rev-parse --git-dir
Date: Sun Oct 17 17:52:37 CEST 2010
--git-dir=/home/willem/Documents/Studie/Master Software Engineering/Software Architecture/willem/.git config --get alias.df
Date: Sun Oct 17 17:52:37 CEST 2010
rev-parse --git-dir
Date: Sun Oct 17 17:52:37 CEST 2010
--git-dir=/home/willem/Documents/Studie/Master Software Engineering/Software Architecture/willem/.git for-each-ref --format=%(refname:short) refs/tags refs/heads refs/remotes
Date: Sun Oct 17 17:52:37 CEST 2010
df assignment_2.tex
Date: Sun Oct 17 17:52:54 CEST 2010
rev-parse --git-dir
Date: Sun Oct 17 17:52:54 CEST 2010
symbolic-ref HEAD
Date: Sun Oct 17 17:52:54 CEST 2010
rev-parse --is-inside-git-dir
Date: Sun Oct 17 17:52:54 CEST 2010
rev-parse --is-inside-work-tree
Date: Sun Oct 17 17:52:54 CEST 2010
add assignment_2.tex
Date: Sun Oct 17 17:52:57 CEST 2010
rev-parse --git-dir
Date: Sun Oct 17 17:52:57 CEST 2010
symbolic-ref HEAD
Date: Sun Oct 17 17:52:57 CEST 2010
rev-parse --is-inside-git-dir
Date: Sun Oct 17 17:52:57 CEST 2010
rev-parse --is-inside-work-tree
Date: Sun Oct 17 17:52:57 CEST 2010
st
Date: Sun Oct 17 17:52:58 CEST 2010
rev-parse --git-dir
Date: Sun Oct 17 17:52:58 CEST 2010
symbolic-ref HEAD
Date: Sun Oct 17 17:52:58 CEST 2010
rev-parse --is-inside-git-dir
Date: Sun Oct 17 17:52:58 CEST 2010
rev-parse --is-inside-work-tree
Date: Sun Oct 17 17:52:58 CEST 2010
rev-parse --git-dir
Date: Sun Oct 17 17:53:02 CEST 2010
symbolic-ref HEAD
Date: Sun Oct 17 17:53:02 CEST 2010
rev-parse --is-inside-git-dir
Date: Sun Oct 17 17:53:02 CEST 2010
rev-parse --is-inside-work-tree
Date: Sun Oct 17 17:53:02 CEST 2010
rev-parse --git-dir
Date: Sun Oct 17 17:56:55 CEST 2010
symbolic-ref HEAD
Date: Sun Oct 17 17:56:55 CEST 2010
rev-parse --is-inside-git-dir
Date: Sun Oct 17 17:56:55 CEST 2010
rev-parse --is-inside-work-tree
Date: Sun Oct 17 17:56:55 CEST 2010
symbolic-ref HEAD
Date: Sun Oct 17 18:04:31 CEST 2010
rev-parse --is-inside-git-dir
Date: Sun Oct 17 18:04:31 CEST 2010
rev-parse --is-inside-work-tree
Date: Sun Oct 17 18:04:31 CEST 2010
rev-parse --git-dir
Date: Sun Oct 17 18:05:05 CEST 2010
symbolic-ref HEAD
Date: Sun Oct 17 18:05:05 CEST 2010
rev-parse --is-inside-git-dir
Date: Sun Oct 17 18:05:05 CEST 2010
rev-parse --is-inside-work-tree
Date: Sun Oct 17 18:05:05 CEST 2010
rev-parse --git-dir
Date: Sun Oct 17 18:06:20 CEST 2010
symbolic-ref HEAD
Date: Sun Oct 17 18:06:20 CEST 2010
rev-parse --is-inside-git-dir
Date: Sun Oct 17 18:06:20 CEST 2010
rev-parse --is-inside-work-tree
Date: Sun Oct 17 18:06:20 CEST 2010
rev-parse --git-dir
Date: Sun Oct 17 18:06:59 CEST 2010
symbolic-ref HEAD
Date: Sun Oct 17 18:06:59 CEST 2010
rev-parse --is-inside-git-dir
Date: Sun Oct 17 18:06:59 CEST 2010
rev-parse --is-inside-work-tree
Date: Sun Oct 17 18:06:59 CEST 2010
rev-parse --git-dir
Date: Sun Oct 17 18:07:24 CEST 2010
symbolic-ref HEAD
Date: Sun Oct 17 18:07:24 CEST 2010
rev-parse --is-inside-git-dir
Date: Sun Oct 17 18:07:24 CEST 2010
rev-parse --is-inside-work-tree
Date: Sun Oct 17 18:07:24 CEST 2010
rev-parse --git-dir
Date: Sun Oct 17 18:07:29 CEST 2010
symbolic-ref HEAD
Date: Sun Oct 17 18:07:29 CEST 2010
rev-parse --is-inside-git-dir
Date: Sun Oct 17 18:07:29 CEST 2010
rev-parse --is-inside-work-tree
Date: Sun Oct 17 18:07:29 CEST 2010
rev-parse --git-dir
Date: Sun Oct 17 18:15:09 CEST 2010
symbolic-ref HEAD
Date: Sun Oct 17 18:15:09 CEST 2010
rev-parse --is-inside-git-dir
Date: Sun Oct 17 18:15:09 CEST 2010
rev-parse --is-inside-work-tree
Date: Sun Oct 17 18:15:09 CEST 2010
rev-parse --git-dir
Date: Sun Oct 17 18:15:51 CEST 2010
symbolic-ref HEAD
Date: Sun Oct 17 18:15:51 CEST 2010
rev-parse --is-inside-git-dir
Date: Sun Oct 17 18:15:51 CEST 2010
rev-parse --is-inside-work-tree
Date: Sun Oct 17 18:15:51 CEST 2010
rev-parse --git-dir
Date: Sun Oct 17 18:17:36 CEST 2010
symbolic-ref HEAD
Date: Sun Oct 17 18:17:36 CEST 2010
rev-parse --is-inside-git-dir
Date: Sun Oct 17 18:17:36 CEST 2010
rev-parse --is-inside-work-tree
Date: Sun Oct 17 18:17:36 CEST 2010
rev-parse --git-dir
Date: Sun Oct 17 18:19:00 CEST 2010
symbolic-ref HEAD
Date: Sun Oct 17 18:19:00 CEST 2010
rev-parse --is-inside-git-dir
Date: Sun Oct 17 18:19:00 CEST 2010
rev-parse --is-inside-work-tree
Date: Sun Oct 17 18:19:00 CEST 2010
rev-parse --git-dir
Date: Sun Oct 17 18:22:34 CEST 2010
symbolic-ref HEAD
Date: Sun Oct 17 18:22:34 CEST 2010
rev-parse --is-inside-git-dir
Date: Sun Oct 17 18:22:34 CEST 2010
rev-parse --is-inside-work-tree
Date: Sun Oct 17 18:22:34 CEST 2010
rev-parse --git-dir
Date: Sun Oct 17 18:22:46 CEST 2010
symbolic-ref HEAD
Date: Sun Oct 17 18:22:46 CEST 2010
rev-parse --is-inside-git-dir
Date: Sun Oct 17 18:22:46 CEST 2010
rev-parse --is-inside-work-tree
Date: Sun Oct 17 18:22:46 CEST 2010
rev-parse --git-dir
Date: Sun Oct 17 18:22:53 CEST 2010
symbolic-ref HEAD
Date: Sun Oct 17 18:22:53 CEST 2010
rev-parse --is-inside-git-dir
Date: Sun Oct 17 18:22:53 CEST 2010
rev-parse --is-inside-work-tree
Date: Sun Oct 17 18:22:53 CEST 2010
rev-parse --git-dir
Date: Sun Oct 17 18:23:37 CEST 2010
symbolic-ref HEAD
Date: Sun Oct 17 18:23:37 CEST 2010
rev-parse --is-inside-git-dir
Date: Sun Oct 17 18:23:37 CEST 2010
rev-parse --is-inside-work-tree
Date: Sun Oct 17 18:23:37 CEST 2010
rev-parse --git-dir
Date: Sun Oct 17 18:25:37 CEST 2010
symbolic-ref HEAD
Date: Sun Oct 17 18:25:37 CEST 2010
rev-parse --is-inside-git-dir
Date: Sun Oct 17 18:25:37 CEST 2010
rev-parse --is-inside-work-tree
Date: Sun Oct 17 18:25:37 CEST 2010
rev-parse --git-dir
Date: Sun Oct 17 18:25:45 CEST 2010
symbolic-ref HEAD
Date: Sun Oct 17 18:25:45 CEST 2010
rev-parse --is-inside-git-dir
Date: Sun Oct 17 18:25:45 CEST 2010
rev-parse --is-inside-work-tree
Date: Sun Oct 17 18:25:45 CEST 2010
rev-parse --git-dir
Date: Sun Oct 17 18:26:29 CEST 2010
symbolic-ref HEAD
Date: Sun Oct 17 18:26:29 CEST 2010
rev-parse --is-inside-git-dir
Date: Sun Oct 17 18:26:29 CEST 2010
rev-parse --is-inside-work-tree
Date: Sun Oct 17 18:26:29 CEST 2010
rev-parse --git-dir
Date: Sun Oct 17 18:27:03 CEST 2010
symbolic-ref HEAD
Date: Sun Oct 17 18:27:03 CEST 2010
rev-parse --is-inside-git-dir
Date: Sun Oct 17 18:27:03 CEST 2010
rev-parse --is-inside-work-tree
Date: Sun Oct 17 18:27:03 CEST 2010
st
Date: Sun Oct 17 18:27:12 CEST 2010
rev-parse --git-dir
Date: Sun Oct 17 18:27:12 CEST 2010
symbolic-ref HEAD
Date: Sun Oct 17 18:27:12 CEST 2010
rev-parse --is-inside-git-dir
Date: Sun Oct 17 18:27:12 CEST 2010
rev-parse --is-inside-work-tree
Date: Sun Oct 17 18:27:12 CEST 2010
rev-parse --git-dir
Date: Sun Oct 17 18:27:13 CEST 2010
--git-dir=/home/willem/Documents/Studie/Master Software Engineering/Software Architecture/willem/.git config --get alias.df
Date: Sun Oct 17 18:27:13 CEST 2010
rev-parse --git-dir
Date: Sun Oct 17 18:27:13 CEST 2010
--git-dir=/home/willem/Documents/Studie/Master Software Engineering/Software Architecture/willem/.git for-each-ref --format=%(refname:short) refs/tags refs/heads refs/remotes
Date: Sun Oct 17 18:27:13 CEST 2010
rev-parse --git-dir
Date: Sun Oct 17 18:27:14 CEST 2010
--git-dir=/home/willem/Documents/Studie/Master Software Engineering/Software Architecture/willem/.git config --get alias.df
Date: Sun Oct 17 18:27:14 CEST 2010
rev-parse --git-dir
Date: Sun Oct 17 18:27:14 CEST 2010
--git-dir=/home/willem/Documents/Studie/Master Software Engineering/Software Architecture/willem/.git for-each-ref --format=%(refname:short) refs/tags refs/heads refs/remotes
Date: Sun Oct 17 18:27:14 CEST 2010
df assignment_2.tex
Date: Sun Oct 17 18:27:55 CEST 2010
rev-parse --git-dir
Date: Sun Oct 17 18:27:55 CEST 2010
symbolic-ref HEAD
Date: Sun Oct 17 18:27:55 CEST 2010
rev-parse --is-inside-git-dir
Date: Sun Oct 17 18:27:55 CEST 2010
rev-parse --is-inside-work-tree
Date: Sun Oct 17 18:27:55 CEST 2010
rev-parse --git-dir
Date: Sun Oct 17 18:27:58 CEST 2010
symbolic-ref HEAD
Date: Sun Oct 17 18:27:58 CEST 2010
rev-parse --is-inside-git-dir
Date: Sun Oct 17 18:27:58 CEST 2010
rev-parse --is-inside-work-tree
Date: Sun Oct 17 18:27:58 CEST 2010
rev-parse --git-dir
Date: Sun Oct 17 18:28:32 CEST 2010
symbolic-ref HEAD
Date: Sun Oct 17 18:28:32 CEST 2010
rev-parse --is-inside-git-dir
Date: Sun Oct 17 18:28:32 CEST 2010
rev-parse --is-inside-work-tree
Date: Sun Oct 17 18:28:32 CEST 2010
st
Date: Sun Oct 17 18:28:34 CEST 2010
rev-parse --git-dir
Date: Sun Oct 17 18:28:34 CEST 2010
symbolic-ref HEAD
Date: Sun Oct 17 18:28:34 CEST 2010
rev-parse --is-inside-git-dir
Date: Sun Oct 17 18:28:34 CEST 2010
rev-parse --is-inside-work-tree
Date: Sun Oct 17 18:28:34 CEST 2010
rev-parse --git-dir
Date: Sun Oct 17 18:28:35 CEST 2010
--git-dir=/home/willem/Documents/Studie/Master Software Engineering/Software Architecture/willem/.git config --get alias.df
Date: Sun Oct 17 18:28:35 CEST 2010
rev-parse --git-dir
Date: Sun Oct 17 18:28:35 CEST 2010
--git-dir=/home/willem/Documents/Studie/Master Software Engineering/Software Architecture/willem/.git for-each-ref --format=%(refname:short) refs/tags refs/heads refs/remotes
Date: Sun Oct 17 18:28:35 CEST 2010
rev-parse --git-dir
Date: Sun Oct 17 18:28:36 CEST 2010
--git-dir=/home/willem/Documents/Studie/Master Software Engineering/Software Architecture/willem/.git config --get alias.df
Date: Sun Oct 17 18:28:36 CEST 2010
rev-parse --git-dir
Date: Sun Oct 17 18:28:36 CEST 2010
--git-dir=/home/willem/Documents/Studie/Master Software Engineering/Software Architecture/willem/.git for-each-ref --format=%(refname:short) refs/tags refs/heads refs/remotes
Date: Sun Oct 17 18:28:36 CEST 2010
df assignment_2.tex
Date: Sun Oct 17 18:28:43 CEST 2010
rev-parse --git-dir
Date: Sun Oct 17 18:28:43 CEST 2010
symbolic-ref HEAD
Date: Sun Oct 17 18:28:43 CEST 2010
rev-parse --is-inside-git-dir
Date: Sun Oct 17 18:28:43 CEST 2010
rev-parse --is-inside-work-tree
Date: Sun Oct 17 18:28:43 CEST 2010
co assignment_2.tex
Date: Sun Oct 17 18:28:44 CEST 2010
rev-parse --git-dir
Date: Sun Oct 17 18:28:44 CEST 2010
symbolic-ref HEAD
Date: Sun Oct 17 18:28:44 CEST 2010
rev-parse --is-inside-git-dir
Date: Sun Oct 17 18:28:44 CEST 2010
rev-parse --is-inside-work-tree
Date: Sun Oct 17 18:28:44 CEST 2010
st
Date: Sun Oct 17 18:28:45 CEST 2010
rev-parse --git-dir
Date: Sun Oct 17 18:28:45 CEST 2010
symbolic-ref HEAD
Date: Sun Oct 17 18:28:45 CEST 2010
rev-parse --is-inside-git-dir
Date: Sun Oct 17 18:28:45 CEST 2010
rev-parse --is-inside-work-tree
Date: Sun Oct 17 18:28:45 CEST 2010
add appendix.tex
Date: Sun Oct 17 18:29:09 CEST 2010
rev-parse --git-dir
Date: Sun Oct 17 18:29:09 CEST 2010
symbolic-ref HEAD
Date: Sun Oct 17 18:29:09 CEST 2010
rev-parse --is-inside-git-dir
Date: Sun Oct 17 18:29:09 CEST 2010
rev-parse --is-inside-work-tree
Date: Sun Oct 17 18:29:09 CEST 2010
st
Date: Sun Oct 17 18:29:10 CEST 2010
rev-parse --git-dir
Date: Sun Oct 17 18:29:10 CEST 2010
symbolic-ref HEAD
Date: Sun Oct 17 18:29:10 CEST 2010
rev-parse --is-inside-git-dir
Date: Sun Oct 17 18:29:10 CEST 2010
rev-parse --is-inside-work-tree
Date: Sun Oct 17 18:29:10 CEST 2010
rev-parse --git-dir
Date: Sun Oct 17 18:29:12 CEST 2010
--git-dir=/home/willem/Documents/Studie/Master Software Engineering/Software Architecture/willem/.git config --get alias.df
Date: Sun Oct 17 18:29:12 CEST 2010
df --cached
Date: Sun Oct 17 18:29:28 CEST 2010
rev-parse --git-dir
Date: Sun Oct 17 18:29:28 CEST 2010
symbolic-ref HEAD
Date: Sun Oct 17 18:29:28 CEST 2010
rev-parse --is-inside-git-dir
Date: Sun Oct 17 18:29:28 CEST 2010
rev-parse --is-inside-work-tree
Date: Sun Oct 17 18:29:28 CEST 2010
st
Date: Sun Oct 17 18:29:29 CEST 2010
rev-parse --git-dir
Date: Sun Oct 17 18:29:29 CEST 2010
symbolic-ref HEAD
Date: Sun Oct 17 18:29:29 CEST 2010
rev-parse --is-inside-git-dir
Date: Sun Oct 17 18:29:29 CEST 2010
rev-parse --is-inside-work-tree
Date: Sun Oct 17 18:29:29 CEST 2010
ci
Date: Sun Oct 17 18:29:48 CEST 2010
rev-parse --git-dir
Date: Sun Oct 17 18:29:48 CEST 2010
symbolic-ref HEAD
Date: Sun Oct 17 18:29:48 CEST 2010
rev-parse --is-inside-git-dir
Date: Sun Oct 17 18:29:48 CEST 2010
rev-parse --is-inside-work-tree
Date: Sun Oct 17 18:29:48 CEST 2010
st
Date: Sun Oct 17 18:29:50 CEST 2010
rev-parse --git-dir
Date: Sun Oct 17 18:29:50 CEST 2010
symbolic-ref HEAD
Date: Sun Oct 17 18:29:50 CEST 2010
rev-parse --is-inside-git-dir
Date: Sun Oct 17 18:29:50 CEST 2010
rev-parse --is-inside-work-tree
Date: Sun Oct 17 18:29:50 CEST 2010
rev-parse --git-dir
Date: Sun Oct 17 18:33:55 CEST 2010
symbolic-ref HEAD
Date: Sun Oct 17 18:33:55 CEST 2010
rev-parse --is-inside-git-dir
Date: Sun Oct 17 18:33:55 CEST 2010
rev-parse --is-inside-work-tree
Date: Sun Oct 17 18:33:55 CEST 2010
rev-parse --git-dir
Date: Sun Oct 17 18:36:36 CEST 2010
symbolic-ref HEAD
Date: Sun Oct 17 18:36:36 CEST 2010
rev-parse --is-inside-git-dir
Date: Sun Oct 17 18:36:36 CEST 2010
rev-parse --is-inside-work-tree
Date: Sun Oct 17 18:36:36 CEST 2010
symbolic-ref HEAD
Date: Sun Oct 17 18:53:40 CEST 2010
rev-parse --is-inside-git-dir
Date: Sun Oct 17 18:53:41 CEST 2010
rev-parse --is-inside-work-tree
Date: Sun Oct 17 18:53:41 CEST 2010
symbolic-ref HEAD
Date: Sun Oct 17 18:53:44 CEST 2010
rev-parse --is-inside-git-dir
Date: Sun Oct 17 18:53:44 CEST 2010
rev-parse --is-inside-work-tree
Date: Sun Oct 17 18:53:44 CEST 2010
symbolic-ref HEAD
Date: Sun Oct 17 19:22:48 CEST 2010
rev-parse --is-inside-git-dir
Date: Sun Oct 17 19:22:48 CEST 2010
rev-parse --is-inside-work-tree
Date: Sun Oct 17 19:22:48 CEST 2010
symbolic-ref HEAD
Date: Sun Oct 17 19:40:48 CEST 2010
rev-parse --is-inside-git-dir
Date: Sun Oct 17 19:40:48 CEST 2010
rev-parse --is-inside-work-tree
Date: Sun Oct 17 19:40:48 CEST 2010
rev-parse --git-dir
Date: Sun Oct 17 19:40:58 CEST 2010
symbolic-ref HEAD
Date: Sun Oct 17 19:40:58 CEST 2010
rev-parse --is-inside-git-dir
Date: Sun Oct 17 19:40:58 CEST 2010
rev-parse --is-inside-work-tree
Date: Sun Oct 17 19:40:58 CEST 2010
rev-parse --git-dir
Date: Sun Oct 17 19:48:01 CEST 2010
symbolic-ref HEAD
Date: Sun Oct 17 19:48:01 CEST 2010
rev-parse --is-inside-git-dir
Date: Sun Oct 17 19:48:01 CEST 2010
rev-parse --is-inside-work-tree
Date: Sun Oct 17 19:48:01 CEST 2010
st
Date: Sun Oct 17 19:48:01 CEST 2010
rev-parse --git-dir
Date: Sun Oct 17 19:48:01 CEST 2010
symbolic-ref HEAD
Date: Sun Oct 17 19:48:01 CEST 2010
rev-parse --is-inside-git-dir
Date: Sun Oct 17 19:48:01 CEST 2010
rev-parse --is-inside-work-tree
Date: Sun Oct 17 19:48:01 CEST 2010
df
Date: Sun Oct 17 19:48:05 CEST 2010
rev-parse --git-dir
Date: Sun Oct 17 19:48:05 CEST 2010
symbolic-ref HEAD
Date: Sun Oct 17 19:48:05 CEST 2010
rev-parse --is-inside-git-dir
Date: Sun Oct 17 19:48:05 CEST 2010
rev-parse --is-inside-work-tree
Date: Sun Oct 17 19:48:05 CEST 2010
ci -a
Date: Sun Oct 17 19:48:33 CEST 2010
rev-parse --git-dir
Date: Sun Oct 17 19:48:33 CEST 2010
symbolic-ref HEAD
Date: Sun Oct 17 19:48:33 CEST 2010
rev-parse --is-inside-git-dir
Date: Sun Oct 17 19:48:33 CEST 2010
rev-parse --is-inside-work-tree
Date: Sun Oct 17 19:48:33 CEST 2010
st
Date: Sun Oct 17 19:48:34 CEST 2010
rev-parse --git-dir
Date: Sun Oct 17 19:48:34 CEST 2010
symbolic-ref HEAD
Date: Sun Oct 17 19:48:34 CEST 2010
rev-parse --is-inside-git-dir
Date: Sun Oct 17 19:48:34 CEST 2010
rev-parse --is-inside-work-tree
Date: Sun Oct 17 19:48:34 CEST 2010
push
Date: Sun Oct 17 19:48:36 CEST 2010
